[2025-05-04T18:33:14.768+0000] {local_task_job_runner.py:120} INFO - ::group::Pre task execution logs
[2025-05-04T18:33:14.782+0000] {taskinstance.py:2076} INFO - Dependencies all met for dep_context=non-requeueable deps ti=<TaskInstance: dbt_iceberg_example.create_iceberg_tables manual__2025-05-04T18:33:13.051671+00:00 [queued]>
[2025-05-04T18:33:14.786+0000] {taskinstance.py:2076} INFO - Dependencies all met for dep_context=requeueable deps ti=<TaskInstance: dbt_iceberg_example.create_iceberg_tables manual__2025-05-04T18:33:13.051671+00:00 [queued]>
[2025-05-04T18:33:14.787+0000] {taskinstance.py:2306} INFO - Starting attempt 1 of 2
[2025-05-04T18:33:14.794+0000] {taskinstance.py:2330} INFO - Executing <Task(BashOperator): create_iceberg_tables> on 2025-05-04 18:33:13.051671+00:00
[2025-05-04T18:33:14.798+0000] {standard_task_runner.py:63} INFO - Started process 515 to run task
[2025-05-04T18:33:14.800+0000] {standard_task_runner.py:90} INFO - Running: ['***', 'tasks', 'run', 'dbt_iceberg_example', 'create_iceberg_tables', 'manual__2025-05-04T18:33:13.051671+00:00', '--job-id', '56', '--raw', '--subdir', 'DAGS_FOLDER/dbt_iceberg_dag.py', '--cfg-path', '/tmp/tmpc1tmprlp']
[2025-05-04T18:33:14.801+0000] {standard_task_runner.py:91} INFO - Job 56: Subtask create_iceberg_tables
[2025-05-04T18:33:14.827+0000] {task_command.py:426} INFO - Running <TaskInstance: dbt_iceberg_example.create_iceberg_tables manual__2025-05-04T18:33:13.051671+00:00 [running]> on host 27fc0593f179
[2025-05-04T18:33:14.870+0000] {taskinstance.py:2648} INFO - Exporting env vars: AIRFLOW_CTX_DAG_OWNER='***' AIRFLOW_CTX_DAG_ID='dbt_iceberg_example' AIRFLOW_CTX_TASK_ID='create_iceberg_tables' AIRFLOW_CTX_EXECUTION_DATE='2025-05-04T18:33:13.051671+00:00' AIRFLOW_CTX_TRY_NUMBER='1' AIRFLOW_CTX_DAG_RUN_ID='manual__2025-05-04T18:33:13.051671+00:00'
[2025-05-04T18:33:14.871+0000] {taskinstance.py:430} INFO - ::endgroup::
[2025-05-04T18:33:14.878+0000] {subprocess.py:63} INFO - Tmp dir root location: /tmp
[2025-05-04T18:33:14.878+0000] {subprocess.py:75} INFO - Running command: ['/usr/bin/bash', '-c', '\n    trino --server http://trino:8080 --catalog iceberg --schema default --execute "\n    CREATE SCHEMA IF NOT EXISTS iceberg.raw;\n\n    CREATE TABLE IF NOT EXISTS iceberg.raw.products (\n        id INTEGER,\n        name VARCHAR,\n        category VARCHAR,\n        price DOUBLE,\n        date DATE\n    )\n    WITH (\n        format = \'PARQUET\',\n        location = \'s3a://iceberg-data/raw/products/\'\n    );\n\n    CREATE TABLE IF NOT EXISTS iceberg.raw.sales (\n        sale_id INTEGER,\n        product_id INTEGER,\n        quantity INTEGER,\n        total DOUBLE,\n        date DATE\n    )\n    WITH (\n        format = \'PARQUET\',\n        location = \'s3a://iceberg-data/raw/sales/\'\n    );\n    "\n    ']
[2025-05-04T18:33:14.887+0000] {subprocess.py:86} INFO - Output:
[2025-05-04T18:33:14.888+0000] {subprocess.py:93} INFO - /usr/bin/bash: line 2: trino: command not found
[2025-05-04T18:33:14.889+0000] {subprocess.py:97} INFO - Command exited with return code 127
[2025-05-04T18:33:14.889+0000] {taskinstance.py:441} INFO - ::group::Post task execution logs
[2025-05-04T18:33:14.896+0000] {taskinstance.py:2905} ERROR - Task failed with exception
Traceback (most recent call last):
  File "/home/airflow/.local/lib/python3.10/site-packages/airflow/models/taskinstance.py", line 465, in _execute_task
    result = _execute_callable(context=context, **execute_callable_kwargs)
  File "/home/airflow/.local/lib/python3.10/site-packages/airflow/models/taskinstance.py", line 432, in _execute_callable
    return execute_callable(context=context, **execute_callable_kwargs)
  File "/home/airflow/.local/lib/python3.10/site-packages/airflow/models/baseoperator.py", line 400, in wrapper
    return func(self, *args, **kwargs)
  File "/home/airflow/.local/lib/python3.10/site-packages/airflow/operators/bash.py", line 243, in execute
    raise AirflowException(
airflow.exceptions.AirflowException: Bash command failed. The command returned a non-zero exit code 127.
[2025-05-04T18:33:14.899+0000] {taskinstance.py:1206} INFO - Marking task as UP_FOR_RETRY. dag_id=dbt_iceberg_example, task_id=create_iceberg_tables, run_id=manual__2025-05-04T18:33:13.051671+00:00, execution_date=20250504T183313, start_date=20250504T183314, end_date=20250504T183314
[2025-05-04T18:33:14.905+0000] {standard_task_runner.py:110} ERROR - Failed to execute job 56 for task create_iceberg_tables (Bash command failed. The command returned a non-zero exit code 127.; 515)
[2025-05-04T18:33:14.932+0000] {local_task_job_runner.py:240} INFO - Task exited with return code 1
[2025-05-04T18:33:14.933+0000] {local_task_job_runner.py:222} INFO - ::endgroup::
