[2025-05-05T09:29:47.427+0000] {local_task_job_runner.py:120} INFO - ::group::Pre task execution logs
[2025-05-05T09:29:47.442+0000] {taskinstance.py:2076} INFO - Dependencies all met for dep_context=non-requeueable deps ti=<TaskInstance: dbt_iceberg_example.create_iceberg_tables scheduled__2025-05-04T00:00:00+00:00 [queued]>
[2025-05-05T09:29:47.448+0000] {taskinstance.py:2076} INFO - Dependencies all met for dep_context=requeueable deps ti=<TaskInstance: dbt_iceberg_example.create_iceberg_tables scheduled__2025-05-04T00:00:00+00:00 [queued]>
[2025-05-05T09:29:47.448+0000] {taskinstance.py:2306} INFO - Starting attempt 1 of 3
[2025-05-05T09:29:47.456+0000] {taskinstance.py:2330} INFO - Executing <Task(PythonOperator): create_iceberg_tables> on 2025-05-04 00:00:00+00:00
[2025-05-05T09:29:47.461+0000] {standard_task_runner.py:63} INFO - Started process 75 to run task
[2025-05-05T09:29:47.462+0000] {standard_task_runner.py:90} INFO - Running: ['***', 'tasks', 'run', 'dbt_iceberg_example', 'create_iceberg_tables', 'scheduled__2025-05-04T00:00:00+00:00', '--job-id', '94', '--raw', '--subdir', 'DAGS_FOLDER/dbt_iceberg_dag.py', '--cfg-path', '/tmp/tmpuu2dftsn']
[2025-05-05T09:29:47.463+0000] {standard_task_runner.py:91} INFO - Job 94: Subtask create_iceberg_tables
[2025-05-05T09:29:47.493+0000] {task_command.py:426} INFO - Running <TaskInstance: dbt_iceberg_example.create_iceberg_tables scheduled__2025-05-04T00:00:00+00:00 [running]> on host 27fc0593f179
[2025-05-05T09:29:47.541+0000] {taskinstance.py:2648} INFO - Exporting env vars: AIRFLOW_CTX_DAG_OWNER='***' AIRFLOW_CTX_DAG_ID='dbt_iceberg_example' AIRFLOW_CTX_TASK_ID='create_iceberg_tables' AIRFLOW_CTX_EXECUTION_DATE='2025-05-04T00:00:00+00:00' AIRFLOW_CTX_TRY_NUMBER='1' AIRFLOW_CTX_DAG_RUN_ID='scheduled__2025-05-04T00:00:00+00:00'
[2025-05-05T09:29:47.542+0000] {taskinstance.py:430} INFO - ::endgroup::
[2025-05-05T09:29:48.619+0000] {logging_mixin.py:188} INFO - Tabelas Iceberg criadas com sucesso
[2025-05-05T09:29:48.620+0000] {python.py:237} INFO - Done. Returned value was: None
[2025-05-05T09:29:48.620+0000] {taskinstance.py:441} INFO - ::group::Post task execution logs
[2025-05-05T09:29:48.626+0000] {taskinstance.py:1206} INFO - Marking task as SUCCESS. dag_id=dbt_iceberg_example, task_id=create_iceberg_tables, run_id=scheduled__2025-05-04T00:00:00+00:00, execution_date=20250504T000000, start_date=20250505T092947, end_date=20250505T092948
[2025-05-05T09:29:48.677+0000] {local_task_job_runner.py:240} INFO - Task exited with return code 0
[2025-05-05T09:29:48.678+0000] {local_task_job_runner.py:222} INFO - ::endgroup::
[2025-05-05T09:52:27.538+0000] {local_task_job_runner.py:120} INFO - ::group::Pre task execution logs
[2025-05-05T09:52:27.551+0000] {taskinstance.py:2076} INFO - Dependencies all met for dep_context=non-requeueable deps ti=<TaskInstance: dbt_iceberg_example.create_iceberg_tables scheduled__2025-05-04T00:00:00+00:00 [queued]>
[2025-05-05T09:52:27.555+0000] {taskinstance.py:2076} INFO - Dependencies all met for dep_context=requeueable deps ti=<TaskInstance: dbt_iceberg_example.create_iceberg_tables scheduled__2025-05-04T00:00:00+00:00 [queued]>
[2025-05-05T09:52:27.555+0000] {taskinstance.py:2306} INFO - Starting attempt 1 of 3
[2025-05-05T09:52:27.562+0000] {taskinstance.py:2330} INFO - Executing <Task(PythonOperator): create_iceberg_tables> on 2025-05-04 00:00:00+00:00
[2025-05-05T09:52:27.566+0000] {standard_task_runner.py:63} INFO - Started process 167 to run task
[2025-05-05T09:52:27.568+0000] {standard_task_runner.py:90} INFO - Running: ['***', 'tasks', 'run', 'dbt_iceberg_example', 'create_iceberg_tables', 'scheduled__2025-05-04T00:00:00+00:00', '--job-id', '11', '--raw', '--subdir', 'DAGS_FOLDER/dbt_iceberg_dag.py', '--cfg-path', '/tmp/tmpvwjo_9qf']
[2025-05-05T09:52:27.569+0000] {standard_task_runner.py:91} INFO - Job 11: Subtask create_iceberg_tables
[2025-05-05T09:52:27.594+0000] {task_command.py:426} INFO - Running <TaskInstance: dbt_iceberg_example.create_iceberg_tables scheduled__2025-05-04T00:00:00+00:00 [running]> on host 92b88004addd
[2025-05-05T09:52:27.637+0000] {taskinstance.py:2648} INFO - Exporting env vars: AIRFLOW_CTX_DAG_OWNER='***' AIRFLOW_CTX_DAG_ID='dbt_iceberg_example' AIRFLOW_CTX_TASK_ID='create_iceberg_tables' AIRFLOW_CTX_EXECUTION_DATE='2025-05-04T00:00:00+00:00' AIRFLOW_CTX_TRY_NUMBER='1' AIRFLOW_CTX_DAG_RUN_ID='scheduled__2025-05-04T00:00:00+00:00'
[2025-05-05T09:52:27.638+0000] {taskinstance.py:430} INFO - ::endgroup::
[2025-05-05T09:52:27.686+0000] {logging_mixin.py:188} INFO - Tabelas Iceberg criadas com sucesso
[2025-05-05T09:52:27.686+0000] {python.py:237} INFO - Done. Returned value was: None
[2025-05-05T09:52:27.687+0000] {taskinstance.py:441} INFO - ::group::Post task execution logs
[2025-05-05T09:52:27.692+0000] {taskinstance.py:1206} INFO - Marking task as SUCCESS. dag_id=dbt_iceberg_example, task_id=create_iceberg_tables, run_id=scheduled__2025-05-04T00:00:00+00:00, execution_date=20250504T000000, start_date=20250505T095227, end_date=20250505T095227
[2025-05-05T09:52:27.741+0000] {local_task_job_runner.py:240} INFO - Task exited with return code 0
[2025-05-05T09:52:27.741+0000] {local_task_job_runner.py:222} INFO - ::endgroup::
