[2025-05-04T19:29:55.555+0000] {local_task_job_runner.py:120} INFO - ::group::Pre task execution logs
[2025-05-04T19:29:55.567+0000] {taskinstance.py:2076} INFO - Dependencies all met for dep_context=non-requeueable deps ti=<TaskInstance: dbt_iceberg_example.dbt_run manual__2025-05-04T19:29:44.377206+00:00 [queued]>
[2025-05-04T19:29:55.571+0000] {taskinstance.py:2076} INFO - Dependencies all met for dep_context=requeueable deps ti=<TaskInstance: dbt_iceberg_example.dbt_run manual__2025-05-04T19:29:44.377206+00:00 [queued]>
[2025-05-04T19:29:55.572+0000] {taskinstance.py:2306} INFO - Starting attempt 1 of 2
[2025-05-04T19:29:55.579+0000] {taskinstance.py:2330} INFO - Executing <Task(BashOperator): dbt_run> on 2025-05-04 19:29:44.377206+00:00
[2025-05-04T19:29:55.584+0000] {standard_task_runner.py:63} INFO - Started process 1370 to run task
[2025-05-04T19:29:55.586+0000] {standard_task_runner.py:90} INFO - Running: ['***', 'tasks', 'run', 'dbt_iceberg_example', 'dbt_run', 'manual__2025-05-04T19:29:44.377206+00:00', '--job-id', '88', '--raw', '--subdir', 'DAGS_FOLDER/dbt_iceberg_dag.py', '--cfg-path', '/tmp/tmpzv3tx51e']
[2025-05-04T19:29:55.587+0000] {standard_task_runner.py:91} INFO - Job 88: Subtask dbt_run
[2025-05-04T19:29:55.612+0000] {task_command.py:426} INFO - Running <TaskInstance: dbt_iceberg_example.dbt_run manual__2025-05-04T19:29:44.377206+00:00 [running]> on host 27fc0593f179
[2025-05-04T19:29:55.659+0000] {taskinstance.py:2648} INFO - Exporting env vars: AIRFLOW_CTX_DAG_OWNER='***' AIRFLOW_CTX_DAG_ID='dbt_iceberg_example' AIRFLOW_CTX_TASK_ID='dbt_run' AIRFLOW_CTX_EXECUTION_DATE='2025-05-04T19:29:44.377206+00:00' AIRFLOW_CTX_TRY_NUMBER='1' AIRFLOW_CTX_DAG_RUN_ID='manual__2025-05-04T19:29:44.377206+00:00'
[2025-05-04T19:29:55.659+0000] {taskinstance.py:430} INFO - ::endgroup::
[2025-05-04T19:29:55.667+0000] {subprocess.py:63} INFO - Tmp dir root location: /tmp
[2025-05-04T19:29:55.668+0000] {subprocess.py:75} INFO - Running command: ['/usr/bin/bash', '-c', 'cd /opt/***/dbt_project && dbt run --profiles-dir .']
[2025-05-04T19:29:55.676+0000] {subprocess.py:86} INFO - Output:
[2025-05-04T19:29:57.629+0000] {subprocess.py:93} INFO - [0m19:29:57  Running with dbt=1.7.0
[2025-05-04T19:29:57.871+0000] {subprocess.py:93} INFO - [0m19:29:57  Registered adapter: trino=1.7.0
[2025-05-04T19:29:57.937+0000] {subprocess.py:93} INFO - [0m19:29:57  Unable to do partial parsing because profile has changed
[2025-05-04T19:29:57.938+0000] {subprocess.py:93} INFO - [0m19:29:57  Unable to do partial parsing because a project config has changed
[2025-05-04T19:29:58.998+0000] {subprocess.py:93} INFO - [0m19:29:58  Found 4 models, 31 tests, 0 sources, 0 exposures, 0 metrics, 420 macros, 0 groups, 0 semantic models
[2025-05-04T19:29:59.001+0000] {subprocess.py:93} INFO - [0m19:29:59
[2025-05-04T19:29:59.146+0000] {subprocess.py:93} INFO - [0m19:29:59  Concurrency: 4 threads (target='dev')
[2025-05-04T19:29:59.147+0000] {subprocess.py:93} INFO - [0m19:29:59
[2025-05-04T19:29:59.155+0000] {subprocess.py:93} INFO - [0m19:29:59  1 of 4 START sql view model default_staging.stg_products ....................... [RUN]
[2025-05-04T19:29:59.156+0000] {subprocess.py:93} INFO - [0m19:29:59  2 of 4 START sql view model default_staging.stg_sales .......................... [RUN]
[2025-05-04T19:29:59.264+0000] {subprocess.py:93} INFO - [0m19:29:59  1 of 4 OK created sql view model default_staging.stg_products .................. [[32mSUCCESS[0m in 0.11s]
[2025-05-04T19:29:59.265+0000] {subprocess.py:93} INFO - [0m19:29:59  2 of 4 OK created sql view model default_staging.stg_sales ..................... [[32mSUCCESS[0m in 0.11s]
[2025-05-04T19:29:59.270+0000] {subprocess.py:93} INFO - [0m19:29:59  3 of 4 START sql table model default_marts.sales_by_category ................... [RUN]
[2025-05-04T19:29:59.271+0000] {subprocess.py:93} INFO - [0m19:29:59  4 of 4 START sql table model default_marts.sales_by_product .................... [RUN]
[2025-05-04T19:30:00.160+0000] {subprocess.py:93} INFO - [0m19:30:00  3 of 4 OK created sql table model default_marts.sales_by_category .............. [[32mSUCCESS[0m in 0.89s]
[2025-05-04T19:30:00.161+0000] {subprocess.py:93} INFO - [0m19:30:00  4 of 4 OK created sql table model default_marts.sales_by_product ............... [[32mSUCCESS[0m in 0.89s]
[2025-05-04T19:30:00.170+0000] {subprocess.py:93} INFO - [0m19:30:00
[2025-05-04T19:30:00.171+0000] {subprocess.py:93} INFO - [0m19:30:00  Finished running 2 view models, 2 table models in 0 hours 0 minutes and 1.17 seconds (1.17s).
[2025-05-04T19:30:00.190+0000] {subprocess.py:93} INFO - [0m19:30:00
[2025-05-04T19:30:00.191+0000] {subprocess.py:93} INFO - [0m19:30:00  [32mCompleted successfully[0m
[2025-05-04T19:30:00.192+0000] {subprocess.py:93} INFO - [0m19:30:00
[2025-05-04T19:30:00.193+0000] {subprocess.py:93} INFO - [0m19:30:00  Done. PASS=4 WARN=0 ERROR=0 SKIP=0 TOTAL=4
[2025-05-04T19:30:00.955+0000] {subprocess.py:97} INFO - Command exited with return code 0
[2025-05-04T19:30:00.955+0000] {taskinstance.py:441} INFO - ::group::Post task execution logs
[2025-05-04T19:30:00.970+0000] {taskinstance.py:1206} INFO - Marking task as SUCCESS. dag_id=dbt_iceberg_example, task_id=dbt_run, run_id=manual__2025-05-04T19:29:44.377206+00:00, execution_date=20250504T192944, start_date=20250504T192955, end_date=20250504T193000
[2025-05-04T19:30:00.994+0000] {local_task_job_runner.py:240} INFO - Task exited with return code 0
[2025-05-04T19:30:00.995+0000] {local_task_job_runner.py:222} INFO - ::endgroup::
