[2025-05-05T09:52:41.567+0000] {local_task_job_runner.py:120} INFO - ::group::Pre task execution logs
[2025-05-05T09:52:41.581+0000] {taskinstance.py:2076} INFO - Dependencies all met for dep_context=non-requeueable deps ti=<TaskInstance: dbt_iceberg_example.dbt_docs_generate scheduled__2025-05-04T00:00:00+00:00 [queued]>
[2025-05-05T09:52:41.585+0000] {taskinstance.py:2076} INFO - Dependencies all met for dep_context=requeueable deps ti=<TaskInstance: dbt_iceberg_example.dbt_docs_generate scheduled__2025-05-04T00:00:00+00:00 [queued]>
[2025-05-05T09:52:41.586+0000] {taskinstance.py:2306} INFO - Starting attempt 1 of 3
[2025-05-05T09:52:41.592+0000] {taskinstance.py:2330} INFO - Executing <Task(BashOperator): dbt_docs_generate> on 2025-05-04 00:00:00+00:00
[2025-05-05T09:52:41.597+0000] {standard_task_runner.py:63} INFO - Started process 191 to run task
[2025-05-05T09:52:41.599+0000] {standard_task_runner.py:90} INFO - Running: ['***', 'tasks', 'run', 'dbt_iceberg_example', 'dbt_docs_generate', 'scheduled__2025-05-04T00:00:00+00:00', '--job-id', '15', '--raw', '--subdir', 'DAGS_FOLDER/dbt_iceberg_dag.py', '--cfg-path', '/tmp/tmpq0e1tspl']
[2025-05-05T09:52:41.599+0000] {standard_task_runner.py:91} INFO - Job 15: Subtask dbt_docs_generate
[2025-05-05T09:52:41.627+0000] {task_command.py:426} INFO - Running <TaskInstance: dbt_iceberg_example.dbt_docs_generate scheduled__2025-05-04T00:00:00+00:00 [running]> on host 92b88004addd
[2025-05-05T09:52:41.672+0000] {taskinstance.py:2648} INFO - Exporting env vars: AIRFLOW_CTX_DAG_OWNER='***' AIRFLOW_CTX_DAG_ID='dbt_iceberg_example' AIRFLOW_CTX_TASK_ID='dbt_docs_generate' AIRFLOW_CTX_EXECUTION_DATE='2025-05-04T00:00:00+00:00' AIRFLOW_CTX_TRY_NUMBER='1' AIRFLOW_CTX_DAG_RUN_ID='scheduled__2025-05-04T00:00:00+00:00'
[2025-05-05T09:52:41.673+0000] {taskinstance.py:430} INFO - ::endgroup::
[2025-05-05T09:52:41.681+0000] {subprocess.py:63} INFO - Tmp dir root location: /tmp
[2025-05-05T09:52:41.681+0000] {subprocess.py:75} INFO - Running command: ['/usr/bin/bash', '-c', 'cd /opt/***/dbt_project && dbt docs generate --profiles-dir .']
[2025-05-05T09:52:41.690+0000] {subprocess.py:86} INFO - Output:
[2025-05-05T09:52:43.333+0000] {subprocess.py:93} INFO - [0m09:52:43  Running with dbt=1.7.0
[2025-05-05T09:52:43.529+0000] {subprocess.py:93} INFO - [0m09:52:43  Registered adapter: trino=1.7.0
[2025-05-05T09:52:43.640+0000] {subprocess.py:93} INFO - [0m09:52:43  Found 4 models, 31 tests, 0 sources, 0 exposures, 0 metrics, 420 macros, 0 groups, 0 semantic models
[2025-05-05T09:52:43.643+0000] {subprocess.py:93} INFO - [0m09:52:43
[2025-05-05T09:52:43.728+0000] {subprocess.py:93} INFO - [0m09:52:43  Concurrency: 4 threads (target='dev')
[2025-05-05T09:52:43.728+0000] {subprocess.py:93} INFO - [0m09:52:43
[2025-05-05T09:52:44.164+0000] {subprocess.py:93} INFO - [0m09:52:44  Building catalog
[2025-05-05T09:52:44.424+0000] {subprocess.py:93} INFO - [0m09:52:44  Catalog written to /opt/***/dbt_project/target/catalog.json
[2025-05-05T09:52:45.177+0000] {subprocess.py:97} INFO - Command exited with return code 0
[2025-05-05T09:52:45.178+0000] {taskinstance.py:441} INFO - ::group::Post task execution logs
[2025-05-05T09:52:45.192+0000] {taskinstance.py:1206} INFO - Marking task as SUCCESS. dag_id=dbt_iceberg_example, task_id=dbt_docs_generate, run_id=scheduled__2025-05-04T00:00:00+00:00, execution_date=20250504T000000, start_date=20250505T095241, end_date=20250505T095245
[2025-05-05T09:52:45.216+0000] {local_task_job_runner.py:240} INFO - Task exited with return code 0
[2025-05-05T09:52:45.217+0000] {local_task_job_runner.py:222} INFO - ::endgroup::
