[2025-05-04T18:11:48.270+0000] {local_task_job_runner.py:120} INFO - ::group::Pre task execution logs
[2025-05-04T18:11:48.286+0000] {taskinstance.py:2076} INFO - Dependencies all met for dep_context=non-requeueable deps ti=<TaskInstance: dbt_iceberg_example.create_iceberg_tables scheduled__2025-05-03T00:00:00+00:00 [queued]>
[2025-05-04T18:11:48.291+0000] {taskinstance.py:2076} INFO - Dependencies all met for dep_context=requeueable deps ti=<TaskInstance: dbt_iceberg_example.create_iceberg_tables scheduled__2025-05-03T00:00:00+00:00 [queued]>
[2025-05-04T18:11:48.291+0000] {taskinstance.py:2306} INFO - Starting attempt 2 of 2
[2025-05-04T18:11:48.299+0000] {taskinstance.py:2330} INFO - Executing <Task(BashOperator): create_iceberg_tables> on 2025-05-03 00:00:00+00:00
[2025-05-04T18:11:48.304+0000] {standard_task_runner.py:63} INFO - Started process 190 to run task
[2025-05-04T18:11:48.306+0000] {standard_task_runner.py:90} INFO - Running: ['***', 'tasks', 'run', 'dbt_iceberg_example', 'create_iceberg_tables', 'scheduled__2025-05-03T00:00:00+00:00', '--job-id', '41', '--raw', '--subdir', 'DAGS_FOLDER/dbt_iceberg_dag.py', '--cfg-path', '/tmp/tmp13f1olxu']
[2025-05-04T18:11:48.307+0000] {standard_task_runner.py:91} INFO - Job 41: Subtask create_iceberg_tables
[2025-05-04T18:11:48.341+0000] {task_command.py:426} INFO - Running <TaskInstance: dbt_iceberg_example.create_iceberg_tables scheduled__2025-05-03T00:00:00+00:00 [running]> on host 27fc0593f179
[2025-05-04T18:11:48.391+0000] {taskinstance.py:2648} INFO - Exporting env vars: AIRFLOW_CTX_DAG_OWNER='***' AIRFLOW_CTX_DAG_ID='dbt_iceberg_example' AIRFLOW_CTX_TASK_ID='create_iceberg_tables' AIRFLOW_CTX_EXECUTION_DATE='2025-05-03T00:00:00+00:00' AIRFLOW_CTX_TRY_NUMBER='2' AIRFLOW_CTX_DAG_RUN_ID='scheduled__2025-05-03T00:00:00+00:00'
[2025-05-04T18:11:48.392+0000] {taskinstance.py:430} INFO - ::endgroup::
[2025-05-04T18:11:48.401+0000] {subprocess.py:63} INFO - Tmp dir root location: /tmp
[2025-05-04T18:11:48.401+0000] {subprocess.py:75} INFO - Running command: ['/usr/bin/bash', '-c', '\n    trino --server http://trino:8080 --catalog iceberg --schema default --execute "\n    CREATE SCHEMA IF NOT EXISTS iceberg.raw;\n    \n    CREATE TABLE IF NOT EXISTS iceberg.raw.products (\n        id INTEGER,\n        name VARCHAR,\n        category VARCHAR,\n        price DOUBLE,\n        date DATE\n    )\n    WITH (\n        format = \'PARQUET\',\n        location = \'s3a://iceberg-data/raw/products/\'\n    );\n    \n    CREATE TABLE IF NOT EXISTS iceberg.raw.sales (\n        sale_id INTEGER,\n        product_id INTEGER,\n        quantity INTEGER,\n        total DOUBLE,\n        date DATE\n    )\n    WITH (\n        format = \'PARQUET\',\n        location = \'s3a://iceberg-data/raw/sales/\'\n    );\n    "\n    ']
[2025-05-04T18:11:48.410+0000] {subprocess.py:86} INFO - Output:
[2025-05-04T18:11:48.411+0000] {subprocess.py:93} INFO - /usr/bin/bash: line 2: trino: command not found
[2025-05-04T18:11:48.412+0000] {subprocess.py:97} INFO - Command exited with return code 127
[2025-05-04T18:11:48.412+0000] {taskinstance.py:441} INFO - ::group::Post task execution logs
[2025-05-04T18:11:48.419+0000] {taskinstance.py:2905} ERROR - Task failed with exception
Traceback (most recent call last):
  File "/home/airflow/.local/lib/python3.10/site-packages/airflow/models/taskinstance.py", line 465, in _execute_task
    result = _execute_callable(context=context, **execute_callable_kwargs)
  File "/home/airflow/.local/lib/python3.10/site-packages/airflow/models/taskinstance.py", line 432, in _execute_callable
    return execute_callable(context=context, **execute_callable_kwargs)
  File "/home/airflow/.local/lib/python3.10/site-packages/airflow/models/baseoperator.py", line 400, in wrapper
    return func(self, *args, **kwargs)
  File "/home/airflow/.local/lib/python3.10/site-packages/airflow/operators/bash.py", line 243, in execute
    raise AirflowException(
airflow.exceptions.AirflowException: Bash command failed. The command returned a non-zero exit code 127.
[2025-05-04T18:11:48.422+0000] {taskinstance.py:1206} INFO - Marking task as FAILED. dag_id=dbt_iceberg_example, task_id=create_iceberg_tables, run_id=scheduled__2025-05-03T00:00:00+00:00, execution_date=20250503T000000, start_date=20250504T181148, end_date=20250504T181148
[2025-05-04T18:11:48.430+0000] {standard_task_runner.py:110} ERROR - Failed to execute job 41 for task create_iceberg_tables (Bash command failed. The command returned a non-zero exit code 127.; 190)
[2025-05-04T18:11:48.439+0000] {local_task_job_runner.py:240} INFO - Task exited with return code 1
[2025-05-04T18:11:48.439+0000] {local_task_job_runner.py:222} INFO - ::endgroup::
