[2025-05-04T19:32:05.865+0000] {local_task_job_runner.py:120} INFO - ::group::Pre task execution logs
[2025-05-04T19:32:05.878+0000] {taskinstance.py:2076} INFO - Dependencies all met for dep_context=non-requeueable deps ti=<TaskInstance: dbt_iceberg_example.dbt_docs_generate manual__2025-05-04T19:29:44.377206+00:00 [queued]>
[2025-05-04T19:32:05.883+0000] {taskinstance.py:2076} INFO - Dependencies all met for dep_context=requeueable deps ti=<TaskInstance: dbt_iceberg_example.dbt_docs_generate manual__2025-05-04T19:29:44.377206+00:00 [queued]>
[2025-05-04T19:32:05.883+0000] {taskinstance.py:2306} INFO - Starting attempt 2 of 2
[2025-05-04T19:32:05.890+0000] {taskinstance.py:2330} INFO - Executing <Task(BashOperator): dbt_docs_generate> on 2025-05-04 19:29:44.377206+00:00
[2025-05-04T19:32:05.895+0000] {standard_task_runner.py:63} INFO - Started process 1431 to run task
[2025-05-04T19:32:05.897+0000] {standard_task_runner.py:90} INFO - Running: ['***', 'tasks', 'run', 'dbt_iceberg_example', 'dbt_docs_generate', 'manual__2025-05-04T19:29:44.377206+00:00', '--job-id', '90', '--raw', '--subdir', 'DAGS_FOLDER/dbt_iceberg_dag.py', '--cfg-path', '/tmp/tmpawozo3sh']
[2025-05-04T19:32:05.897+0000] {standard_task_runner.py:91} INFO - Job 90: Subtask dbt_docs_generate
[2025-05-04T19:32:05.923+0000] {task_command.py:426} INFO - Running <TaskInstance: dbt_iceberg_example.dbt_docs_generate manual__2025-05-04T19:29:44.377206+00:00 [running]> on host 27fc0593f179
[2025-05-04T19:32:05.973+0000] {taskinstance.py:2648} INFO - Exporting env vars: AIRFLOW_CTX_DAG_OWNER='***' AIRFLOW_CTX_DAG_ID='dbt_iceberg_example' AIRFLOW_CTX_TASK_ID='dbt_docs_generate' AIRFLOW_CTX_EXECUTION_DATE='2025-05-04T19:29:44.377206+00:00' AIRFLOW_CTX_TRY_NUMBER='2' AIRFLOW_CTX_DAG_RUN_ID='manual__2025-05-04T19:29:44.377206+00:00'
[2025-05-04T19:32:05.974+0000] {taskinstance.py:430} INFO - ::endgroup::
[2025-05-04T19:32:05.982+0000] {subprocess.py:63} INFO - Tmp dir root location: /tmp
[2025-05-04T19:32:05.982+0000] {subprocess.py:75} INFO - Running command: ['/usr/bin/bash', '-c', 'cd /opt/***/dbt_project && dbt docs generate --profiles-dir .']
[2025-05-04T19:32:05.991+0000] {subprocess.py:86} INFO - Output:
[2025-05-04T19:32:08.038+0000] {subprocess.py:93} INFO - [0m19:32:08  Running with dbt=1.7.0
[2025-05-04T19:32:08.288+0000] {subprocess.py:93} INFO - [0m19:32:08  Registered adapter: trino=1.7.0
[2025-05-04T19:32:08.457+0000] {subprocess.py:93} INFO - [0m19:32:08  Found 4 models, 31 tests, 0 sources, 0 exposures, 0 metrics, 420 macros, 0 groups, 0 semantic models
[2025-05-04T19:32:08.461+0000] {subprocess.py:93} INFO - [0m19:32:08
[2025-05-04T19:32:08.563+0000] {subprocess.py:93} INFO - [0m19:32:08  Concurrency: 4 threads (target='dev')
[2025-05-04T19:32:08.564+0000] {subprocess.py:93} INFO - [0m19:32:08
[2025-05-04T19:30:59.170+0000] {subprocess.py:93} INFO - [0m19:30:59  Building catalog
[2025-05-04T19:32:10.031+0000] {subprocess.py:93} INFO - [0m19:32:10  Catalog written to /opt/***/dbt_project/target/catalog.json
[2025-05-04T19:32:11.103+0000] {subprocess.py:97} INFO - Command exited with return code 0
[2025-05-04T19:32:11.103+0000] {taskinstance.py:441} INFO - ::group::Post task execution logs
[2025-05-04T19:32:11.120+0000] {taskinstance.py:1206} INFO - Marking task as SUCCESS. dag_id=dbt_iceberg_example, task_id=dbt_docs_generate, run_id=manual__2025-05-04T19:29:44.377206+00:00, execution_date=20250504T192944, start_date=20250504T193205, end_date=20250504T193211
[2025-05-04T19:32:11.169+0000] {local_task_job_runner.py:240} INFO - Task exited with return code 0
[2025-05-04T19:32:11.170+0000] {local_task_job_runner.py:222} INFO - ::endgroup::
