[2025-05-04T16:19:52.820+0000] {manager.py:470} INFO - Processing files using up to 2 processes at a time 
[2025-05-04T16:19:52.821+0000] {manager.py:471} INFO - Process each file at most once every 30 seconds
[2025-05-04T16:19:52.822+0000] {manager.py:472} INFO - Checking for new files in /opt/airflow/dags every 300 seconds
[2025-05-04T16:19:52.822+0000] {manager.py:737} INFO - Searching for files in /opt/airflow/dags
[2025-05-04T16:19:52.828+0000] {manager.py:740} INFO - There are 1 files in /opt/airflow/dags
[2025-05-04T16:19:52.888+0000] {manager.py:878} INFO - 
================================================================================
DAG File Processing Stats

File Path                               PID  Runtime      # DAGs    # Errors  Last Runtime    Last Run
------------------------------------  -----  ---------  --------  ----------  --------------  ----------
/opt/airflow/dags/dbt_iceberg_dag.py     53  0.03s             0           0
================================================================================
[2025-05-04T16:20:23.889+0000] {manager.py:878} INFO - 
================================================================================
DAG File Processing Stats

File Path                               PID  Runtime      # DAGs    # Errors  Last Runtime    Last Run
------------------------------------  -----  ---------  --------  ----------  --------------  -------------------
/opt/airflow/dags/dbt_iceberg_dag.py     60  0.00s             1           0  0.39s           2025-05-04T16:19:53
================================================================================
[2025-05-04T16:20:54.713+0000] {manager.py:878} INFO - 
================================================================================
DAG File Processing Stats

File Path                               PID  Runtime      # DAGs    # Errors  Last Runtime    Last Run
------------------------------------  -----  ---------  --------  ----------  --------------  -------------------
/opt/airflow/dags/dbt_iceberg_dag.py     67  0.00s             1           0  0.11s           2025-05-04T16:20:23
================================================================================
[2025-05-04T18:03:50.407+0000] {manager.py:470} INFO - Processing files using up to 2 processes at a time 
[2025-05-04T18:03:50.408+0000] {manager.py:471} INFO - Process each file at most once every 30 seconds
[2025-05-04T18:03:50.409+0000] {manager.py:472} INFO - Checking for new files in /opt/airflow/dags every 300 seconds
[2025-05-04T18:03:50.410+0000] {manager.py:737} INFO - Searching for files in /opt/airflow/dags
[2025-05-04T18:03:50.430+0000] {manager.py:740} INFO - There are 1 files in /opt/airflow/dags
[2025-05-04T18:03:50.497+0000] {manager.py:878} INFO - 
================================================================================
DAG File Processing Stats

File Path                               PID  Runtime      # DAGs    # Errors  Last Runtime    Last Run
------------------------------------  -----  ---------  --------  ----------  --------------  ----------
/opt/airflow/dags/dbt_iceberg_dag.py     64  0.03s             0           0
================================================================================
[2025-05-04T18:04:20.626+0000] {manager.py:878} INFO - 
================================================================================
DAG File Processing Stats

File Path                             PID    Runtime      # DAGs    # Errors  Last Runtime    Last Run
------------------------------------  -----  ---------  --------  ----------  --------------  -------------------
/opt/airflow/dags/dbt_iceberg_dag.py                           1           0  0.19s           2025-05-04T18:03:50
================================================================================
[2025-05-04T18:04:50.892+0000] {manager.py:878} INFO - 
================================================================================
DAG File Processing Stats

File Path                             PID    Runtime      # DAGs    # Errors  Last Runtime    Last Run
------------------------------------  -----  ---------  --------  ----------  --------------  -------------------
/opt/airflow/dags/dbt_iceberg_dag.py                           1           0  0.13s           2025-05-04T18:04:20
================================================================================
[2025-05-04T18:05:21.114+0000] {manager.py:878} INFO - 
================================================================================
DAG File Processing Stats

File Path                             PID    Runtime      # DAGs    # Errors  Last Runtime    Last Run
------------------------------------  -----  ---------  --------  ----------  --------------  -------------------
/opt/airflow/dags/dbt_iceberg_dag.py                           1           0  0.13s           2025-05-04T18:04:51
================================================================================
[2025-05-04T18:05:51.329+0000] {manager.py:878} INFO - 
================================================================================
DAG File Processing Stats

File Path                             PID    Runtime      # DAGs    # Errors  Last Runtime    Last Run
------------------------------------  -----  ---------  --------  ----------  --------------  -------------------
/opt/airflow/dags/dbt_iceberg_dag.py                           1           0  0.13s           2025-05-04T18:05:21
================================================================================
[2025-05-04T18:06:22.998+0000] {manager.py:878} INFO - 
================================================================================
DAG File Processing Stats

File Path                             PID    Runtime      # DAGs    # Errors  Last Runtime    Last Run
------------------------------------  -----  ---------  --------  ----------  --------------  -------------------
/opt/airflow/dags/dbt_iceberg_dag.py                           1           0  0.11s           2025-05-04T18:06:22
================================================================================
[2025-05-04T18:06:54.307+0000] {manager.py:878} INFO - 
================================================================================
DAG File Processing Stats

File Path                             PID    Runtime      # DAGs    # Errors  Last Runtime    Last Run
------------------------------------  -----  ---------  --------  ----------  --------------  -------------------
/opt/airflow/dags/dbt_iceberg_dag.py                           1           0  0.11s           2025-05-04T18:06:52
================================================================================
[2025-05-04T18:07:25.503+0000] {manager.py:878} INFO - 
================================================================================
DAG File Processing Stats

File Path                             PID    Runtime      # DAGs    # Errors  Last Runtime    Last Run
------------------------------------  -----  ---------  --------  ----------  --------------  -------------------
/opt/airflow/dags/dbt_iceberg_dag.py                           1           0  0.11s           2025-05-04T18:07:22
================================================================================
[2025-05-04T18:07:56.511+0000] {manager.py:878} INFO - 
================================================================================
DAG File Processing Stats

File Path                             PID    Runtime      # DAGs    # Errors  Last Runtime    Last Run
------------------------------------  -----  ---------  --------  ----------  --------------  -------------------
/opt/airflow/dags/dbt_iceberg_dag.py                           1           0  0.10s           2025-05-04T18:07:53
================================================================================
[2025-05-04T18:08:27.269+0000] {manager.py:878} INFO - 
================================================================================
DAG File Processing Stats

File Path                             PID    Runtime      # DAGs    # Errors  Last Runtime    Last Run
------------------------------------  -----  ---------  --------  ----------  --------------  -------------------
/opt/airflow/dags/dbt_iceberg_dag.py                           1           0  0.11s           2025-05-04T18:08:24
================================================================================
[2025-05-04T18:08:50.539+0000] {manager.py:737} INFO - Searching for files in /opt/airflow/dags
[2025-05-04T18:08:50.552+0000] {manager.py:740} INFO - There are 1 files in /opt/airflow/dags
[2025-05-04T18:08:58.644+0000] {manager.py:878} INFO - 
================================================================================
DAG File Processing Stats

File Path                             PID    Runtime      # DAGs    # Errors  Last Runtime    Last Run
------------------------------------  -----  ---------  --------  ----------  --------------  -------------------
/opt/airflow/dags/dbt_iceberg_dag.py                           1           0  0.10s           2025-05-04T18:08:54
================================================================================
[2025-05-04T18:09:29.891+0000] {manager.py:878} INFO - 
================================================================================
DAG File Processing Stats

File Path                             PID    Runtime      # DAGs    # Errors  Last Runtime    Last Run
------------------------------------  -----  ---------  --------  ----------  --------------  -------------------
/opt/airflow/dags/dbt_iceberg_dag.py                           1           0  0.12s           2025-05-04T18:09:24
================================================================================
[2025-05-04T18:10:01.164+0000] {manager.py:878} INFO - 
================================================================================
DAG File Processing Stats

File Path                             PID    Runtime      # DAGs    # Errors  Last Runtime    Last Run
------------------------------------  -----  ---------  --------  ----------  --------------  -------------------
/opt/airflow/dags/dbt_iceberg_dag.py                           1           0  0.12s           2025-05-04T18:09:55
================================================================================
[2025-05-04T18:10:34.057+0000] {manager.py:878} INFO - 
================================================================================
DAG File Processing Stats

File Path                             PID    Runtime      # DAGs    # Errors  Last Runtime    Last Run
------------------------------------  -----  ---------  --------  ----------  --------------  -------------------
/opt/airflow/dags/dbt_iceberg_dag.py                           1           0  0.18s           2025-05-04T18:10:26
================================================================================
[2025-05-04T18:11:06.899+0000] {manager.py:878} INFO - 
================================================================================
DAG File Processing Stats

File Path                             PID    Runtime      # DAGs    # Errors  Last Runtime    Last Run
------------------------------------  -----  ---------  --------  ----------  --------------  -------------------
/opt/airflow/dags/dbt_iceberg_dag.py                           1           0  0.12s           2025-05-04T18:10:56
================================================================================
[2025-05-04T18:11:38.097+0000] {manager.py:878} INFO - 
================================================================================
DAG File Processing Stats

File Path                             PID    Runtime      # DAGs    # Errors  Last Runtime    Last Run
------------------------------------  -----  ---------  --------  ----------  --------------  -------------------
/opt/airflow/dags/dbt_iceberg_dag.py                           1           0  0.12s           2025-05-04T18:11:27
================================================================================
[2025-05-04T18:12:09.105+0000] {manager.py:878} INFO - 
================================================================================
DAG File Processing Stats

File Path                             PID    Runtime      # DAGs    # Errors  Last Runtime    Last Run
------------------------------------  -----  ---------  --------  ----------  --------------  -------------------
/opt/airflow/dags/dbt_iceberg_dag.py                           1           0  0.12s           2025-05-04T18:11:58
================================================================================
[2025-05-04T18:12:39.841+0000] {manager.py:878} INFO - 
================================================================================
DAG File Processing Stats

File Path                             PID    Runtime      # DAGs    # Errors  Last Runtime    Last Run
------------------------------------  -----  ---------  --------  ----------  --------------  -------------------
/opt/airflow/dags/dbt_iceberg_dag.py                           1           0  0.10s           2025-05-04T18:12:28
================================================================================
[2025-05-04T18:13:11.189+0000] {manager.py:878} INFO - 
================================================================================
DAG File Processing Stats

File Path                             PID    Runtime      # DAGs    # Errors  Last Runtime    Last Run
------------------------------------  -----  ---------  --------  ----------  --------------  -------------------
/opt/airflow/dags/dbt_iceberg_dag.py                           1           0  0.11s           2025-05-04T18:12:59
================================================================================
[2025-05-04T18:13:42.302+0000] {manager.py:878} INFO - 
================================================================================
DAG File Processing Stats

File Path                             PID    Runtime      # DAGs    # Errors  Last Runtime    Last Run
------------------------------------  -----  ---------  --------  ----------  --------------  -------------------
/opt/airflow/dags/dbt_iceberg_dag.py                           1           0  0.12s           2025-05-04T18:13:29
================================================================================
[2025-05-04T18:13:51.127+0000] {manager.py:737} INFO - Searching for files in /opt/airflow/dags
[2025-05-04T18:13:51.139+0000] {manager.py:740} INFO - There are 1 files in /opt/airflow/dags
[2025-05-04T18:14:13.280+0000] {manager.py:878} INFO - 
================================================================================
DAG File Processing Stats

File Path                             PID    Runtime      # DAGs    # Errors  Last Runtime    Last Run
------------------------------------  -----  ---------  --------  ----------  --------------  -------------------
/opt/airflow/dags/dbt_iceberg_dag.py                           1           0  0.16s           2025-05-04T18:14:00
================================================================================
[2025-05-04T18:14:44.090+0000] {manager.py:878} INFO - 
================================================================================
DAG File Processing Stats

File Path                             PID    Runtime      # DAGs    # Errors  Last Runtime    Last Run
------------------------------------  -----  ---------  --------  ----------  --------------  -------------------
/opt/airflow/dags/dbt_iceberg_dag.py                           1           0  0.11s           2025-05-04T18:14:31
================================================================================
[2025-05-04T18:15:16.932+0000] {manager.py:878} INFO - 
================================================================================
DAG File Processing Stats

File Path                             PID    Runtime      # DAGs    # Errors  Last Runtime    Last Run
------------------------------------  -----  ---------  --------  ----------  --------------  -------------------
/opt/airflow/dags/dbt_iceberg_dag.py                           1           0  0.10s           2025-05-04T18:15:01
================================================================================
[2025-05-04T18:15:49.850+0000] {manager.py:878} INFO - 
================================================================================
DAG File Processing Stats

File Path                             PID    Runtime      # DAGs    # Errors  Last Runtime    Last Run
------------------------------------  -----  ---------  --------  ----------  --------------  -------------------
/opt/airflow/dags/dbt_iceberg_dag.py                           1           0  0.11s           2025-05-04T18:15:32
================================================================================
[2025-05-04T18:16:20.755+0000] {manager.py:878} INFO - 
================================================================================
DAG File Processing Stats

File Path                             PID    Runtime      # DAGs    # Errors  Last Runtime    Last Run
------------------------------------  -----  ---------  --------  ----------  --------------  -------------------
/opt/airflow/dags/dbt_iceberg_dag.py                           1           0  0.12s           2025-05-04T18:16:03
================================================================================
[2025-05-04T18:16:51.546+0000] {manager.py:878} INFO - 
================================================================================
DAG File Processing Stats

File Path                             PID    Runtime      # DAGs    # Errors  Last Runtime    Last Run
------------------------------------  -----  ---------  --------  ----------  --------------  -------------------
/opt/airflow/dags/dbt_iceberg_dag.py                           1           0  0.12s           2025-05-04T18:16:34
================================================================================
[2025-05-04T18:17:22.815+0000] {manager.py:878} INFO - 
================================================================================
DAG File Processing Stats

File Path                             PID    Runtime      # DAGs    # Errors  Last Runtime    Last Run
------------------------------------  -----  ---------  --------  ----------  --------------  -------------------
/opt/airflow/dags/dbt_iceberg_dag.py                           1           0  0.12s           2025-05-04T18:17:04
================================================================================
[2025-05-04T18:16:44.136+0000] {manager.py:878} INFO - 
================================================================================
DAG File Processing Stats

File Path                             PID    Runtime      # DAGs    # Errors  Last Runtime    Last Run
------------------------------------  -----  ---------  --------  ----------  --------------  -------------------
/opt/airflow/dags/dbt_iceberg_dag.py                           1           0  0.12s           2025-05-04T18:17:35
================================================================================
[2025-05-04T18:18:25.564+0000] {manager.py:878} INFO - 
================================================================================
DAG File Processing Stats

File Path                             PID    Runtime      # DAGs    # Errors  Last Runtime    Last Run
------------------------------------  -----  ---------  --------  ----------  --------------  -------------------
/opt/airflow/dags/dbt_iceberg_dag.py                           1           0  0.12s           2025-05-04T18:18:05
================================================================================
[2025-05-04T18:18:51.663+0000] {manager.py:737} INFO - Searching for files in /opt/airflow/dags
[2025-05-04T18:18:51.676+0000] {manager.py:740} INFO - There are 1 files in /opt/airflow/dags
[2025-05-04T18:18:58.425+0000] {manager.py:878} INFO - 
================================================================================
DAG File Processing Stats

File Path                             PID    Runtime      # DAGs    # Errors  Last Runtime    Last Run
------------------------------------  -----  ---------  --------  ----------  --------------  -------------------
/opt/airflow/dags/dbt_iceberg_dag.py                           1           0  0.16s           2025-05-04T18:18:36
================================================================================
[2025-05-04T18:19:31.376+0000] {manager.py:878} INFO - 
================================================================================
DAG File Processing Stats

File Path                             PID    Runtime      # DAGs    # Errors  Last Runtime    Last Run
------------------------------------  -----  ---------  --------  ----------  --------------  -------------------
/opt/airflow/dags/dbt_iceberg_dag.py                           1           0  0.12s           2025-05-04T18:19:07
================================================================================
[2025-05-04T18:20:04.208+0000] {manager.py:878} INFO - 
================================================================================
DAG File Processing Stats

File Path                             PID    Runtime      # DAGs    # Errors  Last Runtime    Last Run
------------------------------------  -----  ---------  --------  ----------  --------------  -------------------
/opt/airflow/dags/dbt_iceberg_dag.py                           1           0  0.11s           2025-05-04T18:19:38
================================================================================
[2025-05-04T18:20:34.983+0000] {manager.py:878} INFO - 
================================================================================
DAG File Processing Stats

File Path                             PID    Runtime      # DAGs    # Errors  Last Runtime    Last Run
------------------------------------  -----  ---------  --------  ----------  --------------  -------------------
/opt/airflow/dags/dbt_iceberg_dag.py                           1           0  0.13s           2025-05-04T18:20:09
================================================================================
[2025-05-04T18:21:06.216+0000] {manager.py:878} INFO - 
================================================================================
DAG File Processing Stats

File Path                             PID    Runtime      # DAGs    # Errors  Last Runtime    Last Run
------------------------------------  -----  ---------  --------  ----------  --------------  -------------------
/opt/airflow/dags/dbt_iceberg_dag.py                           1           0  0.12s           2025-05-04T18:20:40
================================================================================
[2025-05-04T18:21:37.363+0000] {manager.py:878} INFO - 
================================================================================
DAG File Processing Stats

File Path                             PID    Runtime      # DAGs    # Errors  Last Runtime    Last Run
------------------------------------  -----  ---------  --------  ----------  --------------  -------------------
/opt/airflow/dags/dbt_iceberg_dag.py                           1           0  0.12s           2025-05-04T18:21:10
================================================================================
[2025-05-04T18:22:08.246+0000] {manager.py:878} INFO - 
================================================================================
DAG File Processing Stats

File Path                             PID    Runtime      # DAGs    # Errors  Last Runtime    Last Run
------------------------------------  -----  ---------  --------  ----------  --------------  -------------------
/opt/airflow/dags/dbt_iceberg_dag.py                           1           0  0.12s           2025-05-04T18:21:40
================================================================================
[2025-05-04T18:22:39.018+0000] {manager.py:878} INFO - 
================================================================================
DAG File Processing Stats

File Path                             PID    Runtime      # DAGs    # Errors  Last Runtime    Last Run
------------------------------------  -----  ---------  --------  ----------  --------------  -------------------
/opt/airflow/dags/dbt_iceberg_dag.py                           1           0  0.12s           2025-05-04T18:22:11
================================================================================
[2025-05-04T18:23:10.262+0000] {manager.py:878} INFO - 
================================================================================
DAG File Processing Stats

File Path                             PID    Runtime      # DAGs    # Errors  Last Runtime    Last Run
------------------------------------  -----  ---------  --------  ----------  --------------  -------------------
/opt/airflow/dags/dbt_iceberg_dag.py                           1           0  0.13s           2025-05-04T18:22:42
================================================================================
[2025-05-04T18:23:43.203+0000] {manager.py:878} INFO - 
================================================================================
DAG File Processing Stats

File Path                               PID  Runtime      # DAGs    # Errors  Last Runtime    Last Run
------------------------------------  -----  ---------  --------  ----------  --------------  -------------------
/opt/airflow/dags/dbt_iceberg_dag.py    345  0.00s             1           0  0.11s           2025-05-04T18:23:12
================================================================================
[2025-05-04T18:23:52.236+0000] {manager.py:737} INFO - Searching for files in /opt/airflow/dags
[2025-05-04T18:23:52.247+0000] {manager.py:740} INFO - There are 1 files in /opt/airflow/dags
[2025-05-04T18:24:16.216+0000] {manager.py:878} INFO - 
================================================================================
DAG File Processing Stats

File Path                             PID    Runtime      # DAGs    # Errors  Last Runtime    Last Run
------------------------------------  -----  ---------  --------  ----------  --------------  -------------------
/opt/airflow/dags/dbt_iceberg_dag.py                           1           0  0.10s           2025-05-04T18:24:14
================================================================================
[2025-05-04T18:24:49.127+0000] {manager.py:878} INFO - 
================================================================================
DAG File Processing Stats

File Path                             PID    Runtime      # DAGs    # Errors  Last Runtime    Last Run
------------------------------------  -----  ---------  --------  ----------  --------------  -------------------
/opt/airflow/dags/dbt_iceberg_dag.py                           1           0  0.13s           2025-05-04T18:24:47
================================================================================
[2025-05-04T18:25:20.341+0000] {manager.py:878} INFO - 
================================================================================
DAG File Processing Stats

File Path                             PID    Runtime      # DAGs    # Errors  Last Runtime    Last Run
------------------------------------  -----  ---------  --------  ----------  --------------  -------------------
/opt/airflow/dags/dbt_iceberg_dag.py                           1           0  0.12s           2025-05-04T18:25:18
================================================================================
[2025-05-04T18:25:51.449+0000] {manager.py:878} INFO - 
================================================================================
DAG File Processing Stats

File Path                             PID    Runtime      # DAGs    # Errors  Last Runtime    Last Run
------------------------------------  -----  ---------  --------  ----------  --------------  -------------------
/opt/airflow/dags/dbt_iceberg_dag.py                           1           0  0.11s           2025-05-04T18:25:49
================================================================================
[2025-05-04T18:26:22.310+0000] {manager.py:878} INFO - 
================================================================================
DAG File Processing Stats

File Path                             PID    Runtime      # DAGs    # Errors  Last Runtime    Last Run
------------------------------------  -----  ---------  --------  ----------  --------------  -------------------
/opt/airflow/dags/dbt_iceberg_dag.py                           1           0  0.12s           2025-05-04T18:26:20
================================================================================
[2025-05-04T18:26:53.064+0000] {manager.py:878} INFO - 
================================================================================
DAG File Processing Stats

File Path                             PID    Runtime      # DAGs    # Errors  Last Runtime    Last Run
------------------------------------  -----  ---------  --------  ----------  --------------  -------------------
/opt/airflow/dags/dbt_iceberg_dag.py                           1           0  0.12s           2025-05-04T18:26:51
================================================================================
[2025-05-04T18:27:24.280+0000] {manager.py:878} INFO - 
================================================================================
DAG File Processing Stats

File Path                             PID    Runtime      # DAGs    # Errors  Last Runtime    Last Run
------------------------------------  -----  ---------  --------  ----------  --------------  -------------------
/opt/airflow/dags/dbt_iceberg_dag.py                           1           0  0.12s           2025-05-04T18:27:21
================================================================================
[2025-05-04T18:27:55.390+0000] {manager.py:878} INFO - 
================================================================================
DAG File Processing Stats

File Path                             PID    Runtime      # DAGs    # Errors  Last Runtime    Last Run
------------------------------------  -----  ---------  --------  ----------  --------------  -------------------
/opt/airflow/dags/dbt_iceberg_dag.py                           1           0  0.12s           2025-05-04T18:27:52
================================================================================
[2025-05-04T18:28:26.242+0000] {manager.py:878} INFO - 
================================================================================
DAG File Processing Stats

File Path                             PID    Runtime      # DAGs    # Errors  Last Runtime    Last Run
------------------------------------  -----  ---------  --------  ----------  --------------  -------------------
/opt/airflow/dags/dbt_iceberg_dag.py                           1           0  0.16s           2025-05-04T18:28:23
================================================================================
[2025-05-04T18:28:52.327+0000] {manager.py:737} INFO - Searching for files in /opt/airflow/dags
[2025-05-04T18:28:52.339+0000] {manager.py:740} INFO - There are 1 files in /opt/airflow/dags
[2025-05-04T18:28:59.093+0000] {manager.py:878} INFO - 
================================================================================
DAG File Processing Stats

File Path                             PID    Runtime      # DAGs    # Errors  Last Runtime    Last Run
------------------------------------  -----  ---------  --------  ----------  --------------  -------------------
/opt/airflow/dags/dbt_iceberg_dag.py                           1           0  0.11s           2025-05-04T18:28:56
================================================================================
[2025-05-04T18:29:32.005+0000] {manager.py:878} INFO - 
================================================================================
DAG File Processing Stats

File Path                             PID    Runtime      # DAGs    # Errors  Last Runtime    Last Run
------------------------------------  -----  ---------  --------  ----------  --------------  -------------------
/opt/airflow/dags/dbt_iceberg_dag.py                           1           0  0.12s           2025-05-04T18:29:29
================================================================================
[2025-05-04T18:30:03.022+0000] {manager.py:878} INFO - 
================================================================================
DAG File Processing Stats

File Path                             PID    Runtime      # DAGs    # Errors  Last Runtime    Last Run
------------------------------------  -----  ---------  --------  ----------  --------------  -------------------
/opt/airflow/dags/dbt_iceberg_dag.py                           1           0  0.18s           2025-05-04T18:30:00
================================================================================
[2025-05-04T18:30:33.846+0000] {manager.py:878} INFO - 
================================================================================
DAG File Processing Stats

File Path                             PID    Runtime      # DAGs    # Errors  Last Runtime    Last Run
------------------------------------  -----  ---------  --------  ----------  --------------  -------------------
/opt/airflow/dags/dbt_iceberg_dag.py                           1           0  0.12s           2025-05-04T18:30:30
================================================================================
[2025-05-04T18:31:04.578+0000] {manager.py:878} INFO - 
================================================================================
DAG File Processing Stats

File Path                             PID    Runtime      # DAGs    # Errors  Last Runtime    Last Run
------------------------------------  -----  ---------  --------  ----------  --------------  -------------------
/opt/airflow/dags/dbt_iceberg_dag.py                           1           0  0.12s           2025-05-04T18:31:01
================================================================================
[2025-05-04T18:31:35.772+0000] {manager.py:878} INFO - 
================================================================================
DAG File Processing Stats

File Path                             PID    Runtime      # DAGs    # Errors  Last Runtime    Last Run
------------------------------------  -----  ---------  --------  ----------  --------------  -------------------
/opt/airflow/dags/dbt_iceberg_dag.py                           1           0  0.12s           2025-05-04T18:31:31
================================================================================
[2025-05-04T18:32:06.864+0000] {manager.py:878} INFO - 
================================================================================
DAG File Processing Stats

File Path                             PID    Runtime      # DAGs    # Errors  Last Runtime    Last Run
------------------------------------  -----  ---------  --------  ----------  --------------  -------------------
/opt/airflow/dags/dbt_iceberg_dag.py                           1           0  0.13s           2025-05-04T18:32:02
================================================================================
[2025-05-04T18:32:37.703+0000] {manager.py:878} INFO - 
================================================================================
DAG File Processing Stats

File Path                             PID    Runtime      # DAGs    # Errors  Last Runtime    Last Run
------------------------------------  -----  ---------  --------  ----------  --------------  -------------------
/opt/airflow/dags/dbt_iceberg_dag.py                           1           0  0.17s           2025-05-04T18:32:33
================================================================================
[2025-05-04T18:33:10.674+0000] {manager.py:878} INFO - 
================================================================================
DAG File Processing Stats

File Path                             PID    Runtime      # DAGs    # Errors  Last Runtime    Last Run
------------------------------------  -----  ---------  --------  ----------  --------------  -------------------
/opt/airflow/dags/dbt_iceberg_dag.py                           1           0  0.16s           2025-05-04T18:33:06
================================================================================
[2025-05-04T18:33:43.515+0000] {manager.py:878} INFO - 
================================================================================
DAG File Processing Stats

File Path                             PID    Runtime      # DAGs    # Errors  Last Runtime    Last Run
------------------------------------  -----  ---------  --------  ----------  --------------  -------------------
/opt/airflow/dags/dbt_iceberg_dag.py                           1           0  0.10s           2025-05-04T18:33:39
================================================================================
[2025-05-04T18:33:52.548+0000] {manager.py:737} INFO - Searching for files in /opt/airflow/dags
[2025-05-04T18:33:52.560+0000] {manager.py:740} INFO - There are 1 files in /opt/airflow/dags
[2025-05-04T18:34:16.422+0000] {manager.py:878} INFO - 
================================================================================
DAG File Processing Stats

File Path                             PID    Runtime      # DAGs    # Errors  Last Runtime    Last Run
------------------------------------  -----  ---------  --------  ----------  --------------  -------------------
/opt/airflow/dags/dbt_iceberg_dag.py                           1           0  0.12s           2025-05-04T18:34:11
================================================================================
[2025-05-04T18:34:47.269+0000] {manager.py:878} INFO - 
================================================================================
DAG File Processing Stats

File Path                             PID    Runtime      # DAGs    # Errors  Last Runtime    Last Run
------------------------------------  -----  ---------  --------  ----------  --------------  -------------------
/opt/airflow/dags/dbt_iceberg_dag.py                           1           0  0.14s           2025-05-04T18:34:42
================================================================================
[2025-05-04T18:35:17.954+0000] {manager.py:878} INFO - 
================================================================================
DAG File Processing Stats

File Path                             PID    Runtime      # DAGs    # Errors  Last Runtime    Last Run
------------------------------------  -----  ---------  --------  ----------  --------------  -------------------
/opt/airflow/dags/dbt_iceberg_dag.py                           1           0  0.12s           2025-05-04T18:35:12
================================================================================
[2025-05-04T18:35:49.135+0000] {manager.py:878} INFO - 
================================================================================
DAG File Processing Stats

File Path                             PID    Runtime      # DAGs    # Errors  Last Runtime    Last Run
------------------------------------  -----  ---------  --------  ----------  --------------  -------------------
/opt/airflow/dags/dbt_iceberg_dag.py                           1           0  0.13s           2025-05-04T18:35:44
================================================================================
[2025-05-04T18:36:20.196+0000] {manager.py:878} INFO - 
================================================================================
DAG File Processing Stats

File Path                             PID    Runtime      # DAGs    # Errors  Last Runtime    Last Run
------------------------------------  -----  ---------  --------  ----------  --------------  -------------------
/opt/airflow/dags/dbt_iceberg_dag.py                           1           0  0.12s           2025-05-04T18:36:15
================================================================================
[2025-05-04T18:36:51.007+0000] {manager.py:878} INFO - 
================================================================================
DAG File Processing Stats

File Path                             PID    Runtime      # DAGs    # Errors  Last Runtime    Last Run
------------------------------------  -----  ---------  --------  ----------  --------------  -------------------
/opt/airflow/dags/dbt_iceberg_dag.py                           1           0  0.11s           2025-05-04T18:36:46
================================================================================
[2025-05-04T18:37:21.699+0000] {manager.py:878} INFO - 
================================================================================
DAG File Processing Stats

File Path                             PID    Runtime      # DAGs    # Errors  Last Runtime    Last Run
------------------------------------  -----  ---------  --------  ----------  --------------  -------------------
/opt/airflow/dags/dbt_iceberg_dag.py                           1           0  0.12s           2025-05-04T18:37:16
================================================================================
[2025-05-04T18:37:52.875+0000] {manager.py:878} INFO - 
================================================================================
DAG File Processing Stats

File Path                             PID    Runtime      # DAGs    # Errors  Last Runtime    Last Run
------------------------------------  -----  ---------  --------  ----------  --------------  -------------------
/opt/airflow/dags/dbt_iceberg_dag.py                           1           0  0.18s           2025-05-04T18:37:47
================================================================================
[2025-05-04T18:38:25.708+0000] {manager.py:878} INFO - 
================================================================================
DAG File Processing Stats

File Path                             PID    Runtime      # DAGs    # Errors  Last Runtime    Last Run
------------------------------------  -----  ---------  --------  ----------  --------------  -------------------
/opt/airflow/dags/dbt_iceberg_dag.py                           1           0  0.11s           2025-05-04T18:38:19
================================================================================
[2025-05-04T18:38:52.601+0000] {manager.py:737} INFO - Searching for files in /opt/airflow/dags
[2025-05-04T18:38:52.614+0000] {manager.py:740} INFO - There are 1 files in /opt/airflow/dags
[2025-05-04T18:38:58.648+0000] {manager.py:878} INFO - 
================================================================================
DAG File Processing Stats

File Path                             PID    Runtime      # DAGs    # Errors  Last Runtime    Last Run
------------------------------------  -----  ---------  --------  ----------  --------------  -------------------
/opt/airflow/dags/dbt_iceberg_dag.py                           1           0  0.13s           2025-05-04T18:38:52
================================================================================
[2025-05-04T18:39:29.252+0000] {manager.py:878} INFO - 
================================================================================
DAG File Processing Stats

File Path                             PID    Runtime      # DAGs    # Errors  Last Runtime    Last Run
------------------------------------  -----  ---------  --------  ----------  --------------  -------------------
/opt/airflow/dags/dbt_iceberg_dag.py                           1           0  0.12s           2025-05-04T18:39:23
================================================================================
[2025-05-04T18:40:00.477+0000] {manager.py:878} INFO - 
================================================================================
DAG File Processing Stats

File Path                             PID    Runtime      # DAGs    # Errors  Last Runtime    Last Run
------------------------------------  -----  ---------  --------  ----------  --------------  -------------------
/opt/airflow/dags/dbt_iceberg_dag.py                           1           0  0.12s           2025-05-04T18:39:54
================================================================================
[2025-05-04T18:40:31.441+0000] {manager.py:878} INFO - 
================================================================================
DAG File Processing Stats

File Path                             PID    Runtime      # DAGs    # Errors  Last Runtime    Last Run
------------------------------------  -----  ---------  --------  ----------  --------------  -------------------
/opt/airflow/dags/dbt_iceberg_dag.py                           0           1  2.77s           2025-05-04T18:40:28
================================================================================
[2025-05-04T18:41:02.149+0000] {manager.py:878} INFO - 
================================================================================
DAG File Processing Stats

File Path                             PID    Runtime      # DAGs    # Errors  Last Runtime    Last Run
------------------------------------  -----  ---------  --------  ----------  --------------  -------------------
/opt/airflow/dags/dbt_iceberg_dag.py                           1           0  0.18s           2025-05-04T18:40:59
================================================================================
[2025-05-04T18:41:32.722+0000] {manager.py:878} INFO - 
================================================================================
DAG File Processing Stats

File Path                             PID    Runtime      # DAGs    # Errors  Last Runtime    Last Run
------------------------------------  -----  ---------  --------  ----------  --------------  -------------------
/opt/airflow/dags/dbt_iceberg_dag.py                           1           0  0.17s           2025-05-04T18:41:29
================================================================================
[2025-05-04T18:42:03.868+0000] {manager.py:878} INFO - 
================================================================================
DAG File Processing Stats

File Path                             PID    Runtime      # DAGs    # Errors  Last Runtime    Last Run
------------------------------------  -----  ---------  --------  ----------  --------------  -------------------
/opt/airflow/dags/dbt_iceberg_dag.py                           1           0  0.12s           2025-05-04T18:41:59
================================================================================
[2025-05-04T18:42:36.792+0000] {manager.py:878} INFO - 
================================================================================
DAG File Processing Stats

File Path                             PID    Runtime      # DAGs    # Errors  Last Runtime    Last Run
------------------------------------  -----  ---------  --------  ----------  --------------  -------------------
/opt/airflow/dags/dbt_iceberg_dag.py                           1           0  0.12s           2025-05-04T18:42:30
================================================================================
[2025-05-04T18:43:09.634+0000] {manager.py:878} INFO - 
================================================================================
DAG File Processing Stats

File Path                             PID    Runtime      # DAGs    # Errors  Last Runtime    Last Run
------------------------------------  -----  ---------  --------  ----------  --------------  -------------------
/opt/airflow/dags/dbt_iceberg_dag.py                           1           0  0.12s           2025-05-04T18:43:02
================================================================================
[2025-05-04T18:43:42.558+0000] {manager.py:878} INFO - 
================================================================================
DAG File Processing Stats

File Path                             PID    Runtime      # DAGs    # Errors  Last Runtime    Last Run
------------------------------------  -----  ---------  --------  ----------  --------------  -------------------
/opt/airflow/dags/dbt_iceberg_dag.py                           1           0  0.13s           2025-05-04T18:43:35
================================================================================
[2025-05-04T18:43:52.611+0000] {manager.py:737} INFO - Searching for files in /opt/airflow/dags
[2025-05-04T18:43:52.623+0000] {manager.py:740} INFO - There are 1 files in /opt/airflow/dags
[2025-05-04T18:44:13.698+0000] {manager.py:878} INFO - 
================================================================================
DAG File Processing Stats

File Path                             PID    Runtime      # DAGs    # Errors  Last Runtime    Last Run
------------------------------------  -----  ---------  --------  ----------  --------------  -------------------
/opt/airflow/dags/dbt_iceberg_dag.py                           1           0  0.12s           2025-05-04T18:44:06
================================================================================
[2025-05-04T18:44:44.705+0000] {manager.py:878} INFO - 
================================================================================
DAG File Processing Stats

File Path                             PID    Runtime      # DAGs    # Errors  Last Runtime    Last Run
------------------------------------  -----  ---------  --------  ----------  --------------  -------------------
/opt/airflow/dags/dbt_iceberg_dag.py                           1           0  0.15s           2025-05-04T18:44:37
================================================================================
[2025-05-04T18:45:15.509+0000] {manager.py:878} INFO - 
================================================================================
DAG File Processing Stats

File Path                             PID    Runtime      # DAGs    # Errors  Last Runtime    Last Run
------------------------------------  -----  ---------  --------  ----------  --------------  -------------------
/opt/airflow/dags/dbt_iceberg_dag.py                           1           0  0.18s           2025-05-04T18:45:08
================================================================================
[2025-05-04T18:45:46.916+0000] {manager.py:878} INFO - 
================================================================================
DAG File Processing Stats

File Path                             PID    Runtime      # DAGs    # Errors  Last Runtime    Last Run
------------------------------------  -----  ---------  --------  ----------  --------------  -------------------
/opt/airflow/dags/dbt_iceberg_dag.py                           1           0  0.12s           2025-05-04T18:45:38
================================================================================
[2025-05-04T18:46:18.046+0000] {manager.py:878} INFO - 
================================================================================
DAG File Processing Stats

File Path                             PID    Runtime      # DAGs    # Errors  Last Runtime    Last Run
------------------------------------  -----  ---------  --------  ----------  --------------  -------------------
/opt/airflow/dags/dbt_iceberg_dag.py                           1           0  0.12s           2025-05-04T18:46:10
================================================================================
[2025-05-04T18:46:49.069+0000] {manager.py:878} INFO - 
================================================================================
DAG File Processing Stats

File Path                             PID    Runtime      # DAGs    # Errors  Last Runtime    Last Run
------------------------------------  -----  ---------  --------  ----------  --------------  -------------------
/opt/airflow/dags/dbt_iceberg_dag.py                           1           0  0.13s           2025-05-04T18:46:41
================================================================================
[2025-05-04T18:47:19.838+0000] {manager.py:878} INFO - 
================================================================================
DAG File Processing Stats

File Path                             PID    Runtime      # DAGs    # Errors  Last Runtime    Last Run
------------------------------------  -----  ---------  --------  ----------  --------------  -------------------
/opt/airflow/dags/dbt_iceberg_dag.py                           1           0  0.11s           2025-05-04T18:47:11
================================================================================
[2025-05-04T18:47:52.756+0000] {manager.py:878} INFO - 
================================================================================
DAG File Processing Stats

File Path                             PID    Runtime      # DAGs    # Errors  Last Runtime    Last Run
------------------------------------  -----  ---------  --------  ----------  --------------  -------------------
/opt/airflow/dags/dbt_iceberg_dag.py                           1           0  0.12s           2025-05-04T18:47:43
================================================================================
[2025-05-04T18:48:25.600+0000] {manager.py:878} INFO - 
================================================================================
DAG File Processing Stats

File Path                             PID    Runtime      # DAGs    # Errors  Last Runtime    Last Run
------------------------------------  -----  ---------  --------  ----------  --------------  -------------------
/opt/airflow/dags/dbt_iceberg_dag.py                           1           0  0.13s           2025-05-04T18:48:16
================================================================================
[2025-05-04T18:48:52.627+0000] {manager.py:737} INFO - Searching for files in /opt/airflow/dags
[2025-05-04T18:48:52.640+0000] {manager.py:740} INFO - There are 1 files in /opt/airflow/dags
[2025-05-04T18:48:56.611+0000] {manager.py:878} INFO - 
================================================================================
DAG File Processing Stats

File Path                             PID    Runtime      # DAGs    # Errors  Last Runtime    Last Run
------------------------------------  -----  ---------  --------  ----------  --------------  -------------------
/opt/airflow/dags/dbt_iceberg_dag.py                           1           0  0.13s           2025-05-04T18:48:47
================================================================================
[2025-05-04T18:49:27.370+0000] {manager.py:878} INFO - 
================================================================================
DAG File Processing Stats

File Path                             PID    Runtime      # DAGs    # Errors  Last Runtime    Last Run
------------------------------------  -----  ---------  --------  ----------  --------------  -------------------
/opt/airflow/dags/dbt_iceberg_dag.py                           1           0  0.15s           2025-05-04T18:49:18
================================================================================
[2025-05-04T18:49:58.748+0000] {manager.py:878} INFO - 
================================================================================
DAG File Processing Stats

File Path                             PID    Runtime      # DAGs    # Errors  Last Runtime    Last Run
------------------------------------  -----  ---------  --------  ----------  --------------  -------------------
/opt/airflow/dags/dbt_iceberg_dag.py                           1           0  0.15s           2025-05-04T18:49:49
================================================================================
[2025-05-04T18:50:29.862+0000] {manager.py:878} INFO - 
================================================================================
DAG File Processing Stats

File Path                             PID    Runtime      # DAGs    # Errors  Last Runtime    Last Run
------------------------------------  -----  ---------  --------  ----------  --------------  -------------------
/opt/airflow/dags/dbt_iceberg_dag.py                           1           0  0.13s           2025-05-04T18:50:19
================================================================================
[2025-05-04T18:51:00.863+0000] {manager.py:878} INFO - 
================================================================================
DAG File Processing Stats

File Path                             PID    Runtime      # DAGs    # Errors  Last Runtime    Last Run
------------------------------------  -----  ---------  --------  ----------  --------------  -------------------
/opt/airflow/dags/dbt_iceberg_dag.py                           1           0  0.18s           2025-05-04T18:50:50
================================================================================
[2025-05-04T18:51:31.650+0000] {manager.py:878} INFO - 
================================================================================
DAG File Processing Stats

File Path                             PID    Runtime      # DAGs    # Errors  Last Runtime    Last Run
------------------------------------  -----  ---------  --------  ----------  --------------  -------------------
/opt/airflow/dags/dbt_iceberg_dag.py                           1           0  0.16s           2025-05-04T18:51:21
================================================================================
[2025-05-04T18:52:04.572+0000] {manager.py:878} INFO - 
================================================================================
DAG File Processing Stats

File Path                             PID    Runtime      # DAGs    # Errors  Last Runtime    Last Run
------------------------------------  -----  ---------  --------  ----------  --------------  -------------------
/opt/airflow/dags/dbt_iceberg_dag.py                           1           0  0.11s           2025-05-04T18:51:54
================================================================================
[2025-05-04T18:52:37.413+0000] {manager.py:878} INFO - 
================================================================================
DAG File Processing Stats

File Path                             PID    Runtime      # DAGs    # Errors  Last Runtime    Last Run
------------------------------------  -----  ---------  --------  ----------  --------------  -------------------
/opt/airflow/dags/dbt_iceberg_dag.py                           1           0  0.11s           2025-05-04T18:52:27
================================================================================
[2025-05-04T18:53:10.327+0000] {manager.py:878} INFO - 
================================================================================
DAG File Processing Stats

File Path                             PID    Runtime      # DAGs    # Errors  Last Runtime    Last Run
------------------------------------  -----  ---------  --------  ----------  --------------  -------------------
/opt/airflow/dags/dbt_iceberg_dag.py                           1           0  0.14s           2025-05-04T18:53:00
================================================================================
[2025-05-04T18:53:41.055+0000] {manager.py:878} INFO - 
================================================================================
DAG File Processing Stats

File Path                             PID    Runtime      # DAGs    # Errors  Last Runtime    Last Run
------------------------------------  -----  ---------  --------  ----------  --------------  -------------------
/opt/airflow/dags/dbt_iceberg_dag.py                           1           0  0.12s           2025-05-04T18:53:31
================================================================================
[2025-05-04T18:53:53.098+0000] {manager.py:737} INFO - Searching for files in /opt/airflow/dags
[2025-05-04T18:53:53.111+0000] {manager.py:740} INFO - There are 1 files in /opt/airflow/dags
[2025-05-04T18:54:12.381+0000] {manager.py:878} INFO - 
================================================================================
DAG File Processing Stats

File Path                             PID    Runtime      # DAGs    # Errors  Last Runtime    Last Run
------------------------------------  -----  ---------  --------  ----------  --------------  -------------------
/opt/airflow/dags/dbt_iceberg_dag.py                           1           0  0.13s           2025-05-04T18:54:01
================================================================================
[2025-05-04T18:54:43.494+0000] {manager.py:878} INFO - 
================================================================================
DAG File Processing Stats

File Path                             PID    Runtime      # DAGs    # Errors  Last Runtime    Last Run
------------------------------------  -----  ---------  --------  ----------  --------------  -------------------
/opt/airflow/dags/dbt_iceberg_dag.py                           1           0  0.14s           2025-05-04T18:54:32
================================================================================
[2025-05-04T18:55:14.451+0000] {manager.py:878} INFO - 
================================================================================
DAG File Processing Stats

File Path                             PID    Runtime      # DAGs    # Errors  Last Runtime    Last Run
------------------------------------  -----  ---------  --------  ----------  --------------  -------------------
/opt/airflow/dags/dbt_iceberg_dag.py                           1           0  0.13s           2025-05-04T18:55:03
================================================================================
[2025-05-04T18:55:45.187+0000] {manager.py:878} INFO - 
================================================================================
DAG File Processing Stats

File Path                             PID    Runtime      # DAGs    # Errors  Last Runtime    Last Run
------------------------------------  -----  ---------  --------  ----------  --------------  -------------------
/opt/airflow/dags/dbt_iceberg_dag.py                           1           0  0.14s           2025-05-04T18:55:34
================================================================================
[2025-05-04T18:56:16.532+0000] {manager.py:878} INFO - 
================================================================================
DAG File Processing Stats

File Path                             PID    Runtime      # DAGs    # Errors  Last Runtime    Last Run
------------------------------------  -----  ---------  --------  ----------  --------------  -------------------
/opt/airflow/dags/dbt_iceberg_dag.py                           1           0  0.14s           2025-05-04T18:56:05
================================================================================
[2025-05-04T18:56:47.606+0000] {manager.py:878} INFO - 
================================================================================
DAG File Processing Stats

File Path                             PID    Runtime      # DAGs    # Errors  Last Runtime    Last Run
------------------------------------  -----  ---------  --------  ----------  --------------  -------------------
/opt/airflow/dags/dbt_iceberg_dag.py                           1           0  0.13s           2025-05-04T18:56:35
================================================================================
[2025-05-04T18:57:20.539+0000] {manager.py:878} INFO - 
================================================================================
DAG File Processing Stats

File Path                             PID    Runtime      # DAGs    # Errors  Last Runtime    Last Run
------------------------------------  -----  ---------  --------  ----------  --------------  -------------------
/opt/airflow/dags/dbt_iceberg_dag.py                           1           0  0.12s           2025-05-04T18:57:08
================================================================================
[2025-05-04T18:57:53.379+0000] {manager.py:878} INFO - 
================================================================================
DAG File Processing Stats

File Path                             PID    Runtime      # DAGs    # Errors  Last Runtime    Last Run
------------------------------------  -----  ---------  --------  ----------  --------------  -------------------
/opt/airflow/dags/dbt_iceberg_dag.py                           1           0  0.12s           2025-05-04T18:57:41
================================================================================
[2025-05-04T18:58:24.703+0000] {manager.py:878} INFO - 
================================================================================
DAG File Processing Stats

File Path                             PID    Runtime      # DAGs    # Errors  Last Runtime    Last Run
------------------------------------  -----  ---------  --------  ----------  --------------  -------------------
/opt/airflow/dags/dbt_iceberg_dag.py                           1           0  0.13s           2025-05-04T18:58:12
================================================================================
[2025-05-04T18:58:53.753+0000] {manager.py:737} INFO - Searching for files in /opt/airflow/dags
[2025-05-04T18:58:53.766+0000] {manager.py:740} INFO - There are 1 files in /opt/airflow/dags
[2025-05-04T18:58:55.782+0000] {manager.py:878} INFO - 
================================================================================
DAG File Processing Stats

File Path                             PID    Runtime      # DAGs    # Errors  Last Runtime    Last Run
------------------------------------  -----  ---------  --------  ----------  --------------  -------------------
/opt/airflow/dags/dbt_iceberg_dag.py                           1           0  0.12s           2025-05-04T18:58:43
================================================================================
[2025-05-04T18:59:26.718+0000] {manager.py:878} INFO - 
================================================================================
DAG File Processing Stats

File Path                             PID    Runtime      # DAGs    # Errors  Last Runtime    Last Run
------------------------------------  -----  ---------  --------  ----------  --------------  -------------------
/opt/airflow/dags/dbt_iceberg_dag.py                           1           0  0.12s           2025-05-04T18:59:14
================================================================================
[2025-05-04T18:59:57.423+0000] {manager.py:878} INFO - 
================================================================================
DAG File Processing Stats

File Path                             PID    Runtime      # DAGs    # Errors  Last Runtime    Last Run
------------------------------------  -----  ---------  --------  ----------  --------------  -------------------
/opt/airflow/dags/dbt_iceberg_dag.py                           1           0  0.13s           2025-05-04T18:59:45
================================================================================
[2025-05-04T19:00:28.746+0000] {manager.py:878} INFO - 
================================================================================
DAG File Processing Stats

File Path                             PID    Runtime      # DAGs    # Errors  Last Runtime    Last Run
------------------------------------  -----  ---------  --------  ----------  --------------  -------------------
/opt/airflow/dags/dbt_iceberg_dag.py                           1           0  0.13s           2025-05-04T19:00:15
================================================================================
[2025-05-04T19:00:59.805+0000] {manager.py:878} INFO - 
================================================================================
DAG File Processing Stats

File Path                             PID    Runtime      # DAGs    # Errors  Last Runtime    Last Run
------------------------------------  -----  ---------  --------  ----------  --------------  -------------------
/opt/airflow/dags/dbt_iceberg_dag.py                           1           0  0.12s           2025-05-04T19:00:46
================================================================================
[2025-05-04T19:01:30.755+0000] {manager.py:878} INFO - 
================================================================================
DAG File Processing Stats

File Path                             PID    Runtime      # DAGs    # Errors  Last Runtime    Last Run
------------------------------------  -----  ---------  --------  ----------  --------------  -------------------
/opt/airflow/dags/dbt_iceberg_dag.py                           1           0  0.12s           2025-05-04T19:01:17
================================================================================
[2025-05-04T19:02:03.590+0000] {manager.py:878} INFO - 
================================================================================
DAG File Processing Stats

File Path                             PID    Runtime      # DAGs    # Errors  Last Runtime    Last Run
------------------------------------  -----  ---------  --------  ----------  --------------  -------------------
/opt/airflow/dags/dbt_iceberg_dag.py                           1           0  0.12s           2025-05-04T19:01:50
================================================================================
[2025-05-04T19:02:36.523+0000] {manager.py:878} INFO - 
================================================================================
DAG File Processing Stats

File Path                             PID    Runtime      # DAGs    # Errors  Last Runtime    Last Run
------------------------------------  -----  ---------  --------  ----------  --------------  -------------------
/opt/airflow/dags/dbt_iceberg_dag.py                           1           0  0.15s           2025-05-04T19:02:23
================================================================================
[2025-05-04T19:03:07.578+0000] {manager.py:878} INFO - 
================================================================================
DAG File Processing Stats

File Path                             PID    Runtime      # DAGs    # Errors  Last Runtime    Last Run
------------------------------------  -----  ---------  --------  ----------  --------------  -------------------
/opt/airflow/dags/dbt_iceberg_dag.py                           1           0  0.18s           2025-05-04T19:02:54
================================================================================
[2025-05-04T19:03:38.559+0000] {manager.py:878} INFO - 
================================================================================
DAG File Processing Stats

File Path                             PID    Runtime      # DAGs    # Errors  Last Runtime    Last Run
------------------------------------  -----  ---------  --------  ----------  --------------  -------------------
/opt/airflow/dags/dbt_iceberg_dag.py                           1           0  0.15s           2025-05-04T19:03:25
================================================================================
[2025-05-04T19:03:55.172+0000] {manager.py:737} INFO - Searching for files in /opt/airflow/dags
[2025-05-04T19:03:55.189+0000] {manager.py:740} INFO - There are 1 files in /opt/airflow/dags
[2025-05-04T19:04:09.272+0000] {manager.py:878} INFO - 
================================================================================
DAG File Processing Stats

File Path                             PID    Runtime      # DAGs    # Errors  Last Runtime    Last Run
------------------------------------  -----  ---------  --------  ----------  --------------  -------------------
/opt/airflow/dags/dbt_iceberg_dag.py                           1           0  0.14s           2025-05-04T19:03:56
================================================================================
[2025-05-04T19:04:40.604+0000] {manager.py:878} INFO - 
================================================================================
DAG File Processing Stats

File Path                             PID    Runtime      # DAGs    # Errors  Last Runtime    Last Run
------------------------------------  -----  ---------  --------  ----------  --------------  -------------------
/opt/airflow/dags/dbt_iceberg_dag.py                           1           0  0.15s           2025-05-04T19:04:26
================================================================================
[2025-05-04T19:05:11.655+0000] {manager.py:878} INFO - 
================================================================================
DAG File Processing Stats

File Path                             PID    Runtime      # DAGs    # Errors  Last Runtime    Last Run
------------------------------------  -----  ---------  --------  ----------  --------------  -------------------
/opt/airflow/dags/dbt_iceberg_dag.py                           1           0  0.14s           2025-05-04T19:04:57
================================================================================
[2025-05-04T19:05:42.594+0000] {manager.py:878} INFO - 
================================================================================
DAG File Processing Stats

File Path                             PID    Runtime      # DAGs    # Errors  Last Runtime    Last Run
------------------------------------  -----  ---------  --------  ----------  --------------  -------------------
/opt/airflow/dags/dbt_iceberg_dag.py                           1           0  0.13s           2025-05-04T19:05:28
================================================================================
[2025-05-04T19:06:15.443+0000] {manager.py:878} INFO - 
================================================================================
DAG File Processing Stats

File Path                             PID    Runtime      # DAGs    # Errors  Last Runtime    Last Run
------------------------------------  -----  ---------  --------  ----------  --------------  -------------------
/opt/airflow/dags/dbt_iceberg_dag.py                           1           0  0.12s           2025-05-04T19:06:00
================================================================================
[2025-05-04T19:06:48.372+0000] {manager.py:878} INFO - 
================================================================================
DAG File Processing Stats

File Path                             PID    Runtime      # DAGs    # Errors  Last Runtime    Last Run
------------------------------------  -----  ---------  --------  ----------  --------------  -------------------
/opt/airflow/dags/dbt_iceberg_dag.py                           1           0  0.13s           2025-05-04T19:06:33
================================================================================
[2025-05-04T19:07:21.240+0000] {manager.py:878} INFO - 
================================================================================
DAG File Processing Stats

File Path                             PID    Runtime      # DAGs    # Errors  Last Runtime    Last Run
------------------------------------  -----  ---------  --------  ----------  --------------  -------------------
/opt/airflow/dags/dbt_iceberg_dag.py                           1           0  0.15s           2025-05-04T19:07:06
================================================================================
[2025-05-04T19:07:52.166+0000] {manager.py:878} INFO - 
================================================================================
DAG File Processing Stats

File Path                             PID    Runtime      # DAGs    # Errors  Last Runtime    Last Run
------------------------------------  -----  ---------  --------  ----------  --------------  -------------------
/opt/airflow/dags/dbt_iceberg_dag.py                           1           0  0.14s           2025-05-04T19:07:37
================================================================================
[2025-05-04T19:08:22.832+0000] {manager.py:878} INFO - 
================================================================================
DAG File Processing Stats

File Path                             PID    Runtime      # DAGs    # Errors  Last Runtime    Last Run
------------------------------------  -----  ---------  --------  ----------  --------------  -------------------
/opt/airflow/dags/dbt_iceberg_dag.py                           1           0  0.14s           2025-05-04T19:08:07
================================================================================
[2025-05-04T19:08:54.139+0000] {manager.py:878} INFO - 
================================================================================
DAG File Processing Stats

File Path                             PID    Runtime      # DAGs    # Errors  Last Runtime    Last Run
------------------------------------  -----  ---------  --------  ----------  --------------  -------------------
/opt/airflow/dags/dbt_iceberg_dag.py                           1           0  0.14s           2025-05-04T19:08:38
================================================================================
[2025-05-04T19:08:55.267+0000] {manager.py:737} INFO - Searching for files in /opt/airflow/dags
[2025-05-04T19:08:55.281+0000] {manager.py:740} INFO - There are 1 files in /opt/airflow/dags
[2025-05-04T19:09:25.281+0000] {manager.py:878} INFO - 
================================================================================
DAG File Processing Stats

File Path                             PID    Runtime      # DAGs    # Errors  Last Runtime    Last Run
------------------------------------  -----  ---------  --------  ----------  --------------  -------------------
/opt/airflow/dags/dbt_iceberg_dag.py                           1           0  0.13s           2025-05-04T19:09:09
================================================================================
[2025-05-04T19:09:56.121+0000] {manager.py:878} INFO - 
================================================================================
DAG File Processing Stats

File Path                             PID    Runtime      # DAGs    # Errors  Last Runtime    Last Run
------------------------------------  -----  ---------  --------  ----------  --------------  -------------------
/opt/airflow/dags/dbt_iceberg_dag.py                           1           0  0.14s           2025-05-04T19:09:40
================================================================================
[2025-05-04T19:10:26.863+0000] {manager.py:878} INFO - 
================================================================================
DAG File Processing Stats

File Path                             PID    Runtime      # DAGs    # Errors  Last Runtime    Last Run
------------------------------------  -----  ---------  --------  ----------  --------------  -------------------
/opt/airflow/dags/dbt_iceberg_dag.py                           1           0  0.12s           2025-05-04T19:10:10
================================================================================
[2025-05-04T19:10:59.711+0000] {manager.py:878} INFO - 
================================================================================
DAG File Processing Stats

File Path                             PID    Runtime      # DAGs    # Errors  Last Runtime    Last Run
------------------------------------  -----  ---------  --------  ----------  --------------  -------------------
/opt/airflow/dags/dbt_iceberg_dag.py                           1           0  0.12s           2025-05-04T19:10:43
================================================================================
[2025-05-04T19:11:32.643+0000] {manager.py:878} INFO - 
================================================================================
DAG File Processing Stats

File Path                             PID    Runtime      # DAGs    # Errors  Last Runtime    Last Run
------------------------------------  -----  ---------  --------  ----------  --------------  -------------------
/opt/airflow/dags/dbt_iceberg_dag.py                           1           0  0.13s           2025-05-04T19:11:15
================================================================================
[2025-05-04T19:12:05.584+0000] {manager.py:878} INFO - 
================================================================================
DAG File Processing Stats

File Path                             PID    Runtime      # DAGs    # Errors  Last Runtime    Last Run
------------------------------------  -----  ---------  --------  ----------  --------------  -------------------
/opt/airflow/dags/dbt_iceberg_dag.py                           1           0  0.13s           2025-05-04T19:11:48
================================================================================
