[2025-05-05T09:50:54.687+0000] {local_task_job_runner.py:120} INFO - ::group::Pre task execution logs
[2025-05-05T09:50:54.702+0000] {taskinstance.py:2076} INFO - Dependencies all met for dep_context=non-requeueable deps ti=<TaskInstance: dbt_iceberg_example.dbt_docs_generate manual__2025-05-05T09:50:23.548536+00:00 [queued]>
[2025-05-05T09:50:54.706+0000] {taskinstance.py:2076} INFO - Dependencies all met for dep_context=requeueable deps ti=<TaskInstance: dbt_iceberg_example.dbt_docs_generate manual__2025-05-05T09:50:23.548536+00:00 [queued]>
[2025-05-05T09:50:54.707+0000] {taskinstance.py:2306} INFO - Starting attempt 1 of 3
[2025-05-05T09:50:54.715+0000] {taskinstance.py:2330} INFO - Executing <Task(BashOperator): dbt_docs_generate> on 2025-05-05 09:50:23.548536+00:00
[2025-05-05T09:50:54.720+0000] {standard_task_runner.py:63} INFO - Started process 130 to run task
[2025-05-05T09:50:54.721+0000] {standard_task_runner.py:90} INFO - Running: ['***', 'tasks', 'run', 'dbt_iceberg_example', 'dbt_docs_generate', 'manual__2025-05-05T09:50:23.548536+00:00', '--job-id', '9', '--raw', '--subdir', 'DAGS_FOLDER/dbt_iceberg_dag.py', '--cfg-path', '/tmp/tmppkp0cyn1']
[2025-05-05T09:50:54.722+0000] {standard_task_runner.py:91} INFO - Job 9: Subtask dbt_docs_generate
[2025-05-05T09:50:54.749+0000] {task_command.py:426} INFO - Running <TaskInstance: dbt_iceberg_example.dbt_docs_generate manual__2025-05-05T09:50:23.548536+00:00 [running]> on host 92b88004addd
[2025-05-05T09:50:54.794+0000] {taskinstance.py:2648} INFO - Exporting env vars: AIRFLOW_CTX_DAG_OWNER='***' AIRFLOW_CTX_DAG_ID='dbt_iceberg_example' AIRFLOW_CTX_TASK_ID='dbt_docs_generate' AIRFLOW_CTX_EXECUTION_DATE='2025-05-05T09:50:23.548536+00:00' AIRFLOW_CTX_TRY_NUMBER='1' AIRFLOW_CTX_DAG_RUN_ID='manual__2025-05-05T09:50:23.548536+00:00'
[2025-05-05T09:50:54.795+0000] {taskinstance.py:430} INFO - ::endgroup::
[2025-05-05T09:50:54.803+0000] {subprocess.py:63} INFO - Tmp dir root location: /tmp
[2025-05-05T09:50:54.804+0000] {subprocess.py:75} INFO - Running command: ['/usr/bin/bash', '-c', 'cd /opt/***/dbt_project && dbt docs generate --profiles-dir .']
[2025-05-05T09:50:54.813+0000] {subprocess.py:86} INFO - Output:
[2025-05-05T09:50:56.620+0000] {subprocess.py:93} INFO - [0m09:50:56  Running with dbt=1.7.0
[2025-05-05T09:50:56.828+0000] {subprocess.py:93} INFO - [0m09:50:56  Registered adapter: trino=1.7.0
[2025-05-05T09:50:56.949+0000] {subprocess.py:93} INFO - [0m09:50:56  Found 4 models, 31 tests, 0 sources, 0 exposures, 0 metrics, 420 macros, 0 groups, 0 semantic models
[2025-05-05T09:50:56.952+0000] {subprocess.py:93} INFO - [0m09:50:56
[2025-05-05T09:50:57.082+0000] {subprocess.py:93} INFO - [0m09:50:57  Concurrency: 4 threads (target='dev')
[2025-05-05T09:50:57.083+0000] {subprocess.py:93} INFO - [0m09:50:57
[2025-05-05T09:50:57.567+0000] {subprocess.py:93} INFO - [0m09:50:57  Building catalog
[2025-05-05T09:50:57.998+0000] {subprocess.py:93} INFO - [0m09:50:57  Catalog written to /opt/***/dbt_project/target/catalog.json
[2025-05-05T09:50:58.817+0000] {subprocess.py:97} INFO - Command exited with return code 0
[2025-05-05T09:50:58.817+0000] {taskinstance.py:441} INFO - ::group::Post task execution logs
[2025-05-05T09:50:58.832+0000] {taskinstance.py:1206} INFO - Marking task as SUCCESS. dag_id=dbt_iceberg_example, task_id=dbt_docs_generate, run_id=manual__2025-05-05T09:50:23.548536+00:00, execution_date=20250505T095023, start_date=20250505T095054, end_date=20250505T095058
[2025-05-05T09:50:58.864+0000] {local_task_job_runner.py:240} INFO - Task exited with return code 0
[2025-05-05T09:50:58.864+0000] {local_task_job_runner.py:222} INFO - ::endgroup::
