[2025-05-05T09:52:36.537+0000] {local_task_job_runner.py:120} INFO - ::group::Pre task execution logs
[2025-05-05T09:52:36.550+0000] {taskinstance.py:2076} INFO - Dependencies all met for dep_context=non-requeueable deps ti=<TaskInstance: dbt_iceberg_example.dbt_run scheduled__2025-05-04T00:00:00+00:00 [queued]>
[2025-05-05T09:52:36.555+0000] {taskinstance.py:2076} INFO - Dependencies all met for dep_context=requeueable deps ti=<TaskInstance: dbt_iceberg_example.dbt_run scheduled__2025-05-04T00:00:00+00:00 [queued]>
[2025-05-05T09:52:36.556+0000] {taskinstance.py:2306} INFO - Starting attempt 1 of 3
[2025-05-05T09:52:36.564+0000] {taskinstance.py:2330} INFO - Executing <Task(BashOperator): dbt_run> on 2025-05-04 00:00:00+00:00
[2025-05-05T09:52:36.569+0000] {standard_task_runner.py:63} INFO - Started process 176 to run task
[2025-05-05T09:52:36.571+0000] {standard_task_runner.py:90} INFO - Running: ['***', 'tasks', 'run', 'dbt_iceberg_example', 'dbt_run', 'scheduled__2025-05-04T00:00:00+00:00', '--job-id', '14', '--raw', '--subdir', 'DAGS_FOLDER/dbt_iceberg_dag.py', '--cfg-path', '/tmp/tmp9v52kggd']
[2025-05-05T09:52:36.572+0000] {standard_task_runner.py:91} INFO - Job 14: Subtask dbt_run
[2025-05-05T09:52:36.600+0000] {task_command.py:426} INFO - Running <TaskInstance: dbt_iceberg_example.dbt_run scheduled__2025-05-04T00:00:00+00:00 [running]> on host 92b88004addd
[2025-05-05T09:52:36.649+0000] {taskinstance.py:2648} INFO - Exporting env vars: AIRFLOW_CTX_DAG_OWNER='***' AIRFLOW_CTX_DAG_ID='dbt_iceberg_example' AIRFLOW_CTX_TASK_ID='dbt_run' AIRFLOW_CTX_EXECUTION_DATE='2025-05-04T00:00:00+00:00' AIRFLOW_CTX_TRY_NUMBER='1' AIRFLOW_CTX_DAG_RUN_ID='scheduled__2025-05-04T00:00:00+00:00'
[2025-05-05T09:52:36.649+0000] {taskinstance.py:430} INFO - ::endgroup::
[2025-05-05T09:52:36.658+0000] {subprocess.py:63} INFO - Tmp dir root location: /tmp
[2025-05-05T09:52:36.659+0000] {subprocess.py:75} INFO - Running command: ['/usr/bin/bash', '-c', 'cd /opt/***/dbt_project && dbt run --profiles-dir .']
[2025-05-05T09:52:36.670+0000] {subprocess.py:86} INFO - Output:
[2025-05-05T09:52:38.415+0000] {subprocess.py:93} INFO - [0m09:52:38  Running with dbt=1.7.0
[2025-05-05T09:52:38.629+0000] {subprocess.py:93} INFO - [0m09:52:38  Registered adapter: trino=1.7.0
[2025-05-05T09:52:38.772+0000] {subprocess.py:93} INFO - [0m09:52:38  Found 4 models, 31 tests, 0 sources, 0 exposures, 0 metrics, 420 macros, 0 groups, 0 semantic models
[2025-05-05T09:52:38.775+0000] {subprocess.py:93} INFO - [0m09:52:38
[2025-05-05T09:52:38.924+0000] {subprocess.py:93} INFO - [0m09:52:38  Concurrency: 4 threads (target='dev')
[2025-05-05T09:52:38.925+0000] {subprocess.py:93} INFO - [0m09:52:38
[2025-05-05T09:52:38.935+0000] {subprocess.py:93} INFO - [0m09:52:38  1 of 4 START sql view model default_staging.stg_products ....................... [RUN]
[2025-05-05T09:52:38.936+0000] {subprocess.py:93} INFO - [0m09:52:38  2 of 4 START sql view model default_staging.stg_sales .......................... [RUN]
[2025-05-05T09:52:39.081+0000] {subprocess.py:93} INFO - [0m09:52:39  2 of 4 OK created sql view model default_staging.stg_sales ..................... [[32mSUCCESS[0m in 0.14s]
[2025-05-05T09:52:39.082+0000] {subprocess.py:93} INFO - [0m09:52:39  1 of 4 OK created sql view model default_staging.stg_products .................. [[32mSUCCESS[0m in 0.14s]
[2025-05-05T09:52:39.087+0000] {subprocess.py:93} INFO - [0m09:52:39  3 of 4 START sql table model default_marts.sales_by_category ................... [RUN]
[2025-05-05T09:52:39.088+0000] {subprocess.py:93} INFO - [0m09:52:39  4 of 4 START sql table model default_marts.sales_by_product .................... [RUN]
[2025-05-05T09:52:39.889+0000] {subprocess.py:93} INFO - [0m09:52:39  4 of 4 OK created sql table model default_marts.sales_by_product ............... [[32mSUCCESS[0m in 0.80s]
[2025-05-05T09:52:39.892+0000] {subprocess.py:93} INFO - [0m09:52:39  3 of 4 OK created sql table model default_marts.sales_by_category .............. [[32mSUCCESS[0m in 0.80s]
[2025-05-05T09:52:39.901+0000] {subprocess.py:93} INFO - [0m09:52:39
[2025-05-05T09:52:39.902+0000] {subprocess.py:93} INFO - [0m09:52:39  Finished running 2 view models, 2 table models in 0 hours 0 minutes and 1.13 seconds (1.13s).
[2025-05-05T09:52:39.921+0000] {subprocess.py:93} INFO - [0m09:52:39
[2025-05-05T09:52:39.922+0000] {subprocess.py:93} INFO - [0m09:52:39  [32mCompleted successfully[0m
[2025-05-05T09:52:39.923+0000] {subprocess.py:93} INFO - [0m09:52:39
[2025-05-05T09:52:39.924+0000] {subprocess.py:93} INFO - [0m09:52:39  Done. PASS=4 WARN=0 ERROR=0 SKIP=0 TOTAL=4
[2025-05-05T09:52:40.735+0000] {subprocess.py:97} INFO - Command exited with return code 0
[2025-05-05T09:52:40.736+0000] {taskinstance.py:441} INFO - ::group::Post task execution logs
[2025-05-05T09:52:40.751+0000] {taskinstance.py:1206} INFO - Marking task as SUCCESS. dag_id=dbt_iceberg_example, task_id=dbt_run, run_id=scheduled__2025-05-04T00:00:00+00:00, execution_date=20250504T000000, start_date=20250505T095236, end_date=20250505T095240
[2025-05-05T09:52:40.791+0000] {local_task_job_runner.py:240} INFO - Task exited with return code 0
[2025-05-05T09:52:40.791+0000] {local_task_job_runner.py:222} INFO - ::endgroup::
